<?xml version="1.0" encoding="UTF-8"?>
<!-- Generated by org.testng.reporters.JUnitXMLReporter -->
<testsuite ignored="55" hostname="DESKTOP-05QEL7K" failures="1" tests="1" name="Default test(failed)" time="64.436" errors="0" timestamp="2022-01-20T15:11:45 IST">
  <testcase classname="regreesion.Regreesion" name="NR_368" time="35.328">
    <failure type="org.openqa.selenium.WebDriverException" message="chrome not reachable
  (Session info: chrome=97.0.4692.71)
Build info: version: &amp;apos;3.141.59&amp;apos;, revision: &amp;apos;e82be7d358&amp;apos;, time: &amp;apos;2018-11-14T08:17:03&amp;apos;
System info: host: &amp;apos;DESKTOP-05QEL7K&amp;apos;, ip: &amp;apos;127.0.0.1&amp;apos;, os.name: &amp;apos;Windows 10&amp;apos;, os.arch: &amp;apos;amd64&amp;apos;, os.version: &amp;apos;10.0&amp;apos;, java.version: &amp;apos;16.0.2&amp;apos;
Driver info: org.openqa.selenium.chrome.ChromeDriver
Capabilities {acceptInsecureCerts: false, browserName: chrome, browserVersion: 97.0.4692.71, chrome: {chromedriverVersion: 96.0.4664.45 (76e4c1bb2ab46..., userDataDir: C:\Users\vinod\AppData\Loca...}, goog:chromeOptions: {debuggerAddress: localhost:62896}, javascriptEnabled: true, networkConnectionEnabled: false, pageLoadStrategy: normal, platform: WINDOWS, platformName: WINDOWS, proxy: Proxy(), setWindowRect: true, strictFileInteractability: false, timeouts: {implicit: 0, pageLoad: 300000, script: 30000}, unhandledPromptBehavior: dismiss and notify, webauthn:extension:credBlob: true, webauthn:extension:largeBlob: true, webauthn:virtualAuthenticators: true}
Session ID: 60ae70ff2189ff83b9c8b01c509b2844">
      <![CDATA[org.openqa.selenium.WebDriverException: chrome not reachable
  (Session info: chrome=97.0.4692.71)
Build info: version: '3.141.59', revision: 'e82be7d358', time: '2018-11-14T08:17:03'
System info: host: 'DESKTOP-05QEL7K', ip: '127.0.0.1', os.name: 'Windows 10', os.arch: 'amd64', os.version: '10.0', java.version: '16.0.2'
Driver info: org.openqa.selenium.chrome.ChromeDriver
Capabilities {acceptInsecureCerts: false, browserName: chrome, browserVersion: 97.0.4692.71, chrome: {chromedriverVersion: 96.0.4664.45 (76e4c1bb2ab46..., userDataDir: C:\Users\vinod\AppData\Loca...}, goog:chromeOptions: {debuggerAddress: localhost:62896}, javascriptEnabled: true, networkConnectionEnabled: false, pageLoadStrategy: normal, platform: WINDOWS, platformName: WINDOWS, proxy: Proxy(), setWindowRect: true, strictFileInteractability: false, timeouts: {implicit: 0, pageLoad: 300000, script: 30000}, unhandledPromptBehavior: dismiss and notify, webauthn:extension:credBlob: true, webauthn:extension:largeBlob: true, webauthn:virtualAuthenticators: true}
Session ID: 60ae70ff2189ff83b9c8b01c509b2844
at org.openqa.selenium.remote.http.W3CHttpResponseCodec.createException(W3CHttpResponseCodec.java:187)
at org.openqa.selenium.remote.http.W3CHttpResponseCodec.decode(W3CHttpResponseCodec.java:122)
at org.openqa.selenium.remote.http.W3CHttpResponseCodec.decode(W3CHttpResponseCodec.java:49)
at org.openqa.selenium.remote.HttpCommandExecutor.execute(HttpCommandExecutor.java:158)
at org.openqa.selenium.remote.service.DriverCommandExecutor.execute(DriverCommandExecutor.java:83)
at org.openqa.selenium.remote.RemoteWebDriver.execute(RemoteWebDriver.java:552)
at org.openqa.selenium.remote.RemoteWebDriver.get(RemoteWebDriver.java:277)
at regreesion.Regreesion.receiptsubscribed(Regreesion.java:3478)
at regreesion.Regreesion.NR_368(Regreesion.java:3488)
at java.base/java.util.ArrayList.forEach(ArrayList.java:1511)
... Removed 32 stack frames]]>
    </failure>
  </testcase> <!-- NR_368 -->
  <testcase classname="regreesion.Regreesion" name="NR_174" time="0.0">
    <ignored/>
  </testcase> <!-- NR_174 -->
  <testcase classname="regreesion.Regreesion" name="NR_7" time="0.0">
    <ignored/>
  </testcase> <!-- NR_7 -->
  <testcase classname="regreesion.Regreesion" name="NR_8" time="0.0">
    <ignored/>
  </testcase> <!-- NR_8 -->
  <testcase classname="regreesion.Regreesion" name="NR_178" time="0.0">
    <ignored/>
  </testcase> <!-- NR_178 -->
  <testcase classname="regreesion.Regreesion" name="NR_176" time="0.0">
    <ignored/>
  </testcase> <!-- NR_176 -->
  <testcase classname="regreesion.Regreesion" name="NR_173" time="0.0">
    <ignored/>
  </testcase> <!-- NR_173 -->
  <testcase classname="regreesion.Regreesion" name="NR_179" time="0.0">
    <ignored/>
  </testcase> <!-- NR_179 -->
  <testcase classname="regreesion.Regreesion" name="NR_2" time="0.0">
    <ignored/>
  </testcase> <!-- NR_2 -->
  <testcase classname="regreesion.Regreesion" name="NR_177" time="0.0">
    <ignored/>
  </testcase> <!-- NR_177 -->
  <testcase classname="regreesion.Regreesion" name="subscribed" time="0.0">
    <ignored/>
  </testcase> <!-- subscribed -->
  <testcase classname="regreesion.Regreesion" name="NR_9" time="0.0">
    <ignored/>
  </testcase> <!-- NR_9 -->
  <testcase classname="regreesion.Regreesion" name="NR_240" time="0.0">
    <ignored/>
  </testcase> <!-- NR_240 -->
  <testcase classname="regreesion.Regreesion" name="NR_361" time="0.0">
    <ignored/>
  </testcase> <!-- NR_361 -->
  <testcase classname="regreesion.Regreesion" name="NR_191" time="0.0">
    <ignored/>
  </testcase> <!-- NR_191 -->
  <testcase classname="regreesion.Regreesion" name="NR_80to93" time="0.0">
    <ignored/>
  </testcase> <!-- NR_80to93 -->
  <testcase classname="regreesion.Regreesion" name="NR_244" time="0.0">
    <ignored/>
  </testcase> <!-- NR_244 -->
  <testcase classname="regreesion.Regreesion" name="NR_365" time="0.0">
    <ignored/>
  </testcase> <!-- NR_365 -->
  <testcase classname="regreesion.Regreesion" name="NR_241" time="0.0">
    <ignored/>
  </testcase> <!-- NR_241 -->
  <testcase classname="regreesion.Regreesion" name="NR_362" time="0.0">
    <ignored/>
  </testcase> <!-- NR_362 -->
  <testcase classname="regreesion.Regreesion" name="NR_242" time="0.0">
    <ignored/>
  </testcase> <!-- NR_242 -->
  <testcase classname="regreesion.Regreesion" name="NR_363" time="0.0">
    <ignored/>
  </testcase> <!-- NR_363 -->
  <testcase classname="regreesion.Regreesion" name="NR_248" time="0.0">
    <ignored/>
  </testcase> <!-- NR_248 -->
  <testcase classname="regreesion.Regreesion" name="NR_245" time="0.0">
    <ignored/>
  </testcase> <!-- NR_245 -->
  <testcase classname="regreesion.Regreesion" name="NR_249" time="0.0">
    <ignored/>
  </testcase> <!-- NR_249 -->
  <testcase classname="regreesion.Regreesion" name="NR_subs" time="0.0">
    <ignored/>
  </testcase> <!-- NR_subs -->
  <testcase classname="regreesion.Regreesion" name="NR_247" time="0.0">
    <ignored/>
  </testcase> <!-- NR_247 -->
  <testcase classname="regreesion.Regreesion" name="Login" time="0.0">
    <ignored/>
  </testcase> <!-- Login -->
  <testcase classname="regreesion.Regreesion" name="NR_193" time="0.0">
    <ignored/>
  </testcase> <!-- NR_193 -->
  <testcase classname="regreesion.Regreesion" name="NR_233" time="0.0">
    <ignored/>
  </testcase> <!-- NR_233 -->
  <testcase classname="regreesion.Regreesion" name="NR_354" time="0.0">
    <ignored/>
  </testcase> <!-- NR_354 -->
  <testcase classname="regreesion.Regreesion" name="NR_230" time="0.0">
    <ignored/>
  </testcase> <!-- NR_230 -->
  <testcase classname="regreesion.Regreesion" name="NR_231" time="0.0">
    <ignored/>
  </testcase> <!-- NR_231 -->
  <testcase classname="regreesion.Regreesion" name="NR_358" time="0.0">
    <ignored/>
  </testcase> <!-- NR_358 -->
  <testcase classname="regreesion.Regreesion" name="NR_356" time="0.0">
    <ignored/>
  </testcase> <!-- NR_356 -->
  <testcase classname="regreesion.Regreesion" name="NR_232" time="0.0">
    <ignored/>
  </testcase> <!-- NR_232 -->
  <testcase classname="regreesion.Regreesion" name="NR_359" time="0.0">
    <ignored/>
  </testcase> <!-- NR_359 -->
  <testcase classname="regreesion.Regreesion" name="NR_357" time="0.0">
    <ignored/>
  </testcase> <!-- NR_357 -->
  <testcase classname="regreesion.Regreesion" name="NR_192" time="0.0">
    <ignored/>
  </testcase> <!-- NR_192 -->
  <testcase classname="regreesion.Regreesion" name="NR_190" time="0.0">
    <ignored/>
  </testcase> <!-- NR_190 -->
  <testcase classname="regreesion.Regreesion" name="receiptsubscribed" time="0.0">
    <ignored/>
  </testcase> <!-- receiptsubscribed -->
  <testcase classname="regreesion.Regreesion" name="NR_182" time="0.0">
    <ignored/>
  </testcase> <!-- NR_182 -->
  <testcase classname="regreesion.Regreesion" name="NR_183" time="0.0">
    <ignored/>
  </testcase> <!-- NR_183 -->
  <testcase classname="regreesion.Regreesion" name="receipt" time="0.0">
    <ignored/>
  </testcase> <!-- receipt -->
  <testcase classname="regreesion.Regreesion" name="NR_189" time="0.0">
    <ignored/>
  </testcase> <!-- NR_189 -->
  <testcase classname="regreesion.Regreesion" name="NR_222" time="0.0">
    <ignored/>
  </testcase> <!-- NR_222 -->
  <testcase classname="regreesion.Regreesion" name="NR_187" time="0.0">
    <ignored/>
  </testcase> <!-- NR_187 -->
  <testcase classname="regreesion.Regreesion" name="NR_226" time="0.0">
    <ignored/>
  </testcase> <!-- NR_226 -->
  <testcase classname="regreesion.Regreesion" name="NR_223" time="0.0">
    <ignored/>
  </testcase> <!-- NR_223 -->
  <testcase classname="regreesion.Regreesion" name="NR_224" time="0.0">
    <ignored/>
  </testcase> <!-- NR_224 -->
  <testcase classname="regreesion.Regreesion" name="NR_188" time="0.0">
    <ignored/>
  </testcase> <!-- NR_188 -->
  <testcase classname="regreesion.Regreesion" name="NR_227" time="0.0">
    <ignored/>
  </testcase> <!-- NR_227 -->
  <testcase classname="regreesion.Regreesion" name="NR_228" time="0.0">
    <ignored/>
  </testcase> <!-- NR_228 -->
  <testcase classname="regreesion.Regreesion" name="NR_225" time="0.0">
    <ignored/>
  </testcase> <!-- NR_225 -->
  <testcase classname="regreesion.Regreesion" name="NR_229" time="0.0">
    <ignored/>
  </testcase> <!-- NR_229 -->
  <testcase classname="regreesion.Regreesion" name="NR_181" time="0.0">
    <ignored/>
  </testcase> <!-- NR_181 -->
</testsuite> <!-- Default test(failed) -->
