<?xml version="1.0" encoding="UTF-8"?>
<!-- Generated by org.testng.reporters.JUnitXMLReporter -->
<testsuite ignored="0" hostname="DESKTOP-4V6UVON" failures="0" tests="3" name="Default test" time="22.46" errors="0" timestamp="2022-12-10T14:13:45 IST">
  <testcase classname="Assessment.AllScenario" name="Test_1" time="6.904"/>
  <testcase classname="Assessment.AllScenario" name="Test_2" time="8.092"/>
  <testcase classname="Assessment.AllScenario" name="Test_3" time="3.519"/>
</testsuite> <!-- Default test -->
