<?xml version="1.0" encoding="UTF-8"?>
<!-- Generated by org.testng.reporters.JUnitXMLReporter -->
<testsuite ignored="0" hostname="DESKTOP-4V6UVON" failures="0" tests="3" name="Test" time="21.547" errors="0" timestamp="2022-12-10T13:29:53 IST">
  <testcase classname="Assessment.AllScenario" name="Test_1" time="7.417"/>
  <testcase classname="Assessment.AllScenario" name="Test_2" time="7.556"/>
  <testcase classname="Assessment.AllScenario" name="Test_3" time="3.141"/>
</testsuite> <!-- Test -->
