<?xml version="1.0" encoding="UTF-8"?>
<!-- Generated by org.testng.reporters.JUnitXMLReporter -->
<testsuite ignored="443" hostname="DESKTOP-4V6UVON" failures="6" tests="14" name="Test" time="2742.828" errors="0" timestamp="2022-08-12T13:49:41 IST">
  <testcase classname="regreesion.Regreesion" name="AR_691" time="220.691"/>
  <testcase classname="regreesion.Regreesion" name="AR_692" time="248.475">
    <failure type="org.openqa.selenium.ElementClickInterceptedException" message="element click intercepted: Element &amp;lt;a class=&amp;quot;jss46&amp;quot; id=&amp;quot;to:newModel&amp;quot; href=&amp;quot;#/&amp;quot;&amp;gt;...&amp;lt;/a&amp;gt; is not clickable at point (116, 118). Other element would receive the click: &amp;lt;div class=&amp;quot;MuiDialog-container-21 MuiDialog-scrollPaper-19&amp;quot; role=&amp;quot;none presentation&amp;quot; tabindex=&amp;quot;-1&amp;quot; style=&amp;quot;opacity: 1; transition: opacity 225ms cubic-bezier(0.4, 0, 0.2, 1) 0ms;&amp;quot;&amp;gt;...&amp;lt;/div&amp;gt;
  (Session info: chrome=104.0.5112.81)
Build info: version: &amp;apos;4.3.0&amp;apos;, revision: &amp;apos;a4995e2c09*&amp;apos;
System info: host: &amp;apos;DESKTOP-4V6UVON&amp;apos;, ip: &amp;apos;192.168.55.103&amp;apos;, os.name: &amp;apos;Windows 10&amp;apos;, os.arch: &amp;apos;amd64&amp;apos;, os.version: &amp;apos;10.0&amp;apos;, java.version: &amp;apos;17.0.2&amp;apos;
Driver info: org.openqa.selenium.chrome.ChromeDriver
Command: [b9c7c23423043cde1f4bf71bcae902a5, clickElement {id=55d59c90-0b02-4306-b880-252e3673e2e6}]
Capabilities {acceptInsecureCerts: false, browserName: chrome, browserVersion: 104.0.5112.81, chrome: {chromedriverVersion: 103.0.5060.53 (a1711811edd7..., userDataDir: C:\Users\welcome\AppData\Lo...}, goog:chromeOptions: {debuggerAddress: localhost:53240}, networkConnectionEnabled: false, pageLoadStrategy: normal, platformName: WINDOWS, proxy: Proxy(), se:cdp: ws://localhost:53240/devtoo..., se:cdpVersion: 104.0.5112.81, setWindowRect: true, strictFileInteractability: false, timeouts: {implicit: 0, pageLoad: 300000, script: 30000}, unhandledPromptBehavior: dismiss and notify, webauthn:extension:credBlob: true, webauthn:extension:largeBlob: true, webauthn:virtualAuthenticators: true}
Element: [[ChromeDriver: chrome on WINDOWS (b9c7c23423043cde1f4bf71bcae902a5)] -&amp;gt; id: to:newModel]
Session ID: b9c7c23423043cde1f4bf71bcae902a5">
      <![CDATA[org.openqa.selenium.ElementClickInterceptedException: element click intercepted: Element <a class="jss46" id="to:newModel" href="#/">...</a> is not clickable at point (116, 118). Other element would receive the click: <div class="MuiDialog-container-21 MuiDialog-scrollPaper-19" role="none presentation" tabindex="-1" style="opacity: 1; transition: opacity 225ms cubic-bezier(0.4, 0, 0.2, 1) 0ms;">...</div>
  (Session info: chrome=104.0.5112.81)
Build info: version: '4.3.0', revision: 'a4995e2c09*'
System info: host: 'DESKTOP-4V6UVON', ip: '192.168.55.103', os.name: 'Windows 10', os.arch: 'amd64', os.version: '10.0', java.version: '17.0.2'
Driver info: org.openqa.selenium.chrome.ChromeDriver
Command: [b9c7c23423043cde1f4bf71bcae902a5, clickElement {id=55d59c90-0b02-4306-b880-252e3673e2e6}]
Capabilities {acceptInsecureCerts: false, browserName: chrome, browserVersion: 104.0.5112.81, chrome: {chromedriverVersion: 103.0.5060.53 (a1711811edd7..., userDataDir: C:\Users\welcome\AppData\Lo...}, goog:chromeOptions: {debuggerAddress: localhost:53240}, networkConnectionEnabled: false, pageLoadStrategy: normal, platformName: WINDOWS, proxy: Proxy(), se:cdp: ws://localhost:53240/devtoo..., se:cdpVersion: 104.0.5112.81, setWindowRect: true, strictFileInteractability: false, timeouts: {implicit: 0, pageLoad: 300000, script: 30000}, unhandledPromptBehavior: dismiss and notify, webauthn:extension:credBlob: true, webauthn:extension:largeBlob: true, webauthn:virtualAuthenticators: true}
Element: [[ChromeDriver: chrome on WINDOWS (b9c7c23423043cde1f4bf71bcae902a5)] -> id: to:newModel]
Session ID: b9c7c23423043cde1f4bf71bcae902a5
at org.openqa.selenium.remote.codec.w3c.W3CHttpResponseCodec.createException(W3CHttpResponseCodec.java:200)
at org.openqa.selenium.remote.codec.w3c.W3CHttpResponseCodec.decode(W3CHttpResponseCodec.java:133)
at org.openqa.selenium.remote.codec.w3c.W3CHttpResponseCodec.decode(W3CHttpResponseCodec.java:53)
at org.openqa.selenium.remote.HttpCommandExecutor.execute(HttpCommandExecutor.java:184)
at org.openqa.selenium.remote.service.DriverCommandExecutor.invokeExecute(DriverCommandExecutor.java:167)
at org.openqa.selenium.remote.service.DriverCommandExecutor.execute(DriverCommandExecutor.java:142)
at org.openqa.selenium.remote.RemoteWebDriver.execute(RemoteWebDriver.java:569)
at org.openqa.selenium.remote.RemoteWebElement.execute(RemoteWebElement.java:257)
at org.openqa.selenium.remote.RemoteWebElement.click(RemoteWebElement.java:78)
at org.openqa.selenium.support.pagefactory.internal.LocatingElementHandler.invoke(LocatingElementHandler.java:52)
at jdk.proxy2/jdk.proxy2.$Proxy31.click(Unknown Source)
at regreesion.Regreesion.deleteData(Regreesion.java:241)
at regreesion.Regreesion.AR_692(Regreesion.java:22076)
at java.base/java.util.ArrayList.forEach(ArrayList.java:1511)
... Removed 35 stack frames]]>
    </failure>
  </testcase> <!-- AR_692 -->
  <testcase classname="regreesion.Regreesion" name="ARv_658" time="235.643"/>
  <testcase classname="regreesion.Regreesion" name="AR_665" time="229.14"/>
  <testcase classname="regreesion.Regreesion" name="AR_658" time="213.442"/>
  <testcase classname="regreesion.Regreesion" name="AR_696" time="228.406"/>
  <testcase classname="regreesion.Regreesion" name="ARv_686" time="173.174">
    <failure type="org.openqa.selenium.NoSuchElementException" message="no such element: Unable to locate element: {&amp;quot;method&amp;quot;:&amp;quot;xpath&amp;quot;,&amp;quot;selector&amp;quot;:&amp;quot;/html/body/div[5]/div[3]/div/div/div/div/div[3]/button[1]&amp;quot;}
  (Session info: chrome=104.0.5112.81)
For documentation on this error, please visit: https://selenium.dev/exceptions/#no_such_element
Build info: version: &amp;apos;4.3.0&amp;apos;, revision: &amp;apos;a4995e2c09*&amp;apos;
System info: host: &amp;apos;DESKTOP-4V6UVON&amp;apos;, ip: &amp;apos;192.168.55.103&amp;apos;, os.name: &amp;apos;Windows 10&amp;apos;, os.arch: &amp;apos;amd64&amp;apos;, os.version: &amp;apos;10.0&amp;apos;, java.version: &amp;apos;17.0.2&amp;apos;
Driver info: org.openqa.selenium.chrome.ChromeDriver
Command: [33345c334a6d01d71edab3afd741ea0d, findElement {using=xpath, value=/html/body/div[5]/div[3]/div/div/div/div/div[3]/button[1]}]
Capabilities {acceptInsecureCerts: false, browserName: chrome, browserVersion: 104.0.5112.81, chrome: {chromedriverVersion: 103.0.5060.53 (a1711811edd7..., userDataDir: C:\Users\welcome\AppData\Lo...}, goog:chromeOptions: {debuggerAddress: localhost:54069}, networkConnectionEnabled: false, pageLoadStrategy: normal, platformName: WINDOWS, proxy: Proxy(), se:cdp: ws://localhost:54069/devtoo..., se:cdpVersion: 104.0.5112.81, setWindowRect: true, strictFileInteractability: false, timeouts: {implicit: 0, pageLoad: 300000, script: 30000}, unhandledPromptBehavior: dismiss and notify, webauthn:extension:credBlob: true, webauthn:extension:largeBlob: true, webauthn:virtualAuthenticators: true}
Session ID: 33345c334a6d01d71edab3afd741ea0d">
      <![CDATA[org.openqa.selenium.NoSuchElementException: no such element: Unable to locate element: {"method":"xpath","selector":"/html/body/div[5]/div[3]/div/div/div/div/div[3]/button[1]"}
  (Session info: chrome=104.0.5112.81)
For documentation on this error, please visit: https://selenium.dev/exceptions/#no_such_element
Build info: version: '4.3.0', revision: 'a4995e2c09*'
System info: host: 'DESKTOP-4V6UVON', ip: '192.168.55.103', os.name: 'Windows 10', os.arch: 'amd64', os.version: '10.0', java.version: '17.0.2'
Driver info: org.openqa.selenium.chrome.ChromeDriver
Command: [33345c334a6d01d71edab3afd741ea0d, findElement {using=xpath, value=/html/body/div[5]/div[3]/div/div/div/div/div[3]/button[1]}]
Capabilities {acceptInsecureCerts: false, browserName: chrome, browserVersion: 104.0.5112.81, chrome: {chromedriverVersion: 103.0.5060.53 (a1711811edd7..., userDataDir: C:\Users\welcome\AppData\Lo...}, goog:chromeOptions: {debuggerAddress: localhost:54069}, networkConnectionEnabled: false, pageLoadStrategy: normal, platformName: WINDOWS, proxy: Proxy(), se:cdp: ws://localhost:54069/devtoo..., se:cdpVersion: 104.0.5112.81, setWindowRect: true, strictFileInteractability: false, timeouts: {implicit: 0, pageLoad: 300000, script: 30000}, unhandledPromptBehavior: dismiss and notify, webauthn:extension:credBlob: true, webauthn:extension:largeBlob: true, webauthn:virtualAuthenticators: true}
Session ID: 33345c334a6d01d71edab3afd741ea0d
at org.openqa.selenium.remote.codec.w3c.W3CHttpResponseCodec.createException(W3CHttpResponseCodec.java:200)
at org.openqa.selenium.remote.codec.w3c.W3CHttpResponseCodec.decode(W3CHttpResponseCodec.java:133)
at org.openqa.selenium.remote.codec.w3c.W3CHttpResponseCodec.decode(W3CHttpResponseCodec.java:53)
at org.openqa.selenium.remote.HttpCommandExecutor.execute(HttpCommandExecutor.java:184)
at org.openqa.selenium.remote.service.DriverCommandExecutor.invokeExecute(DriverCommandExecutor.java:167)
at org.openqa.selenium.remote.service.DriverCommandExecutor.execute(DriverCommandExecutor.java:142)
at org.openqa.selenium.remote.RemoteWebDriver.execute(RemoteWebDriver.java:569)
at org.openqa.selenium.remote.ElementLocation$ElementFinder$2.findElement(ElementLocation.java:162)
at org.openqa.selenium.remote.ElementLocation.findElement(ElementLocation.java:60)
at org.openqa.selenium.remote.RemoteWebDriver.findElement(RemoteWebDriver.java:387)
at org.openqa.selenium.remote.RemoteWebDriver.findElement(RemoteWebDriver.java:379)
at org.openqa.selenium.support.pagefactory.DefaultElementLocator.findElement(DefaultElementLocator.java:70)
at org.openqa.selenium.support.pagefactory.internal.LocatingElementHandler.invoke(LocatingElementHandler.java:39)
at jdk.proxy2/jdk.proxy2.$Proxy31.click(Unknown Source)
at regreesion.Regreesion.ARv_686(Regreesion.java:21656)
at java.base/java.util.ArrayList.forEach(ArrayList.java:1511)
... Removed 32 stack frames]]>
    </failure>
  </testcase> <!-- ARv_686 -->
  <testcase classname="regreesion.Regreesion" name="AR_654" time="57.999">
    <failure type="org.openqa.selenium.NoSuchElementException" message="no such element: Unable to locate element: {&amp;quot;method&amp;quot;:&amp;quot;xpath&amp;quot;,&amp;quot;selector&amp;quot;:&amp;quot;//*[@id=&amp;quot;modelUpgrade&amp;quot;]&amp;quot;}
  (Session info: chrome=104.0.5112.81)
For documentation on this error, please visit: https://selenium.dev/exceptions/#no_such_element
Build info: version: &amp;apos;4.3.0&amp;apos;, revision: &amp;apos;a4995e2c09*&amp;apos;
System info: host: &amp;apos;DESKTOP-4V6UVON&amp;apos;, ip: &amp;apos;192.168.55.103&amp;apos;, os.name: &amp;apos;Windows 10&amp;apos;, os.arch: &amp;apos;amd64&amp;apos;, os.version: &amp;apos;10.0&amp;apos;, java.version: &amp;apos;17.0.2&amp;apos;
Driver info: org.openqa.selenium.chrome.ChromeDriver
Command: [636fe5820bc6d238e89899fdef729bd4, findElement {using=xpath, value=//*[@id=&amp;quot;modelUpgrade&amp;quot;]}]
Capabilities {acceptInsecureCerts: false, browserName: chrome, browserVersion: 104.0.5112.81, chrome: {chromedriverVersion: 103.0.5060.53 (a1711811edd7..., userDataDir: C:\Users\welcome\AppData\Lo...}, goog:chromeOptions: {debuggerAddress: localhost:54198}, networkConnectionEnabled: false, pageLoadStrategy: normal, platformName: WINDOWS, proxy: Proxy(), se:cdp: ws://localhost:54198/devtoo..., se:cdpVersion: 104.0.5112.81, setWindowRect: true, strictFileInteractability: false, timeouts: {implicit: 0, pageLoad: 300000, script: 30000}, unhandledPromptBehavior: dismiss and notify, webauthn:extension:credBlob: true, webauthn:extension:largeBlob: true, webauthn:virtualAuthenticators: true}
Session ID: 636fe5820bc6d238e89899fdef729bd4">
      <![CDATA[org.openqa.selenium.NoSuchElementException: no such element: Unable to locate element: {"method":"xpath","selector":"//*[@id="modelUpgrade"]"}
  (Session info: chrome=104.0.5112.81)
For documentation on this error, please visit: https://selenium.dev/exceptions/#no_such_element
Build info: version: '4.3.0', revision: 'a4995e2c09*'
System info: host: 'DESKTOP-4V6UVON', ip: '192.168.55.103', os.name: 'Windows 10', os.arch: 'amd64', os.version: '10.0', java.version: '17.0.2'
Driver info: org.openqa.selenium.chrome.ChromeDriver
Command: [636fe5820bc6d238e89899fdef729bd4, findElement {using=xpath, value=//*[@id="modelUpgrade"]}]
Capabilities {acceptInsecureCerts: false, browserName: chrome, browserVersion: 104.0.5112.81, chrome: {chromedriverVersion: 103.0.5060.53 (a1711811edd7..., userDataDir: C:\Users\welcome\AppData\Lo...}, goog:chromeOptions: {debuggerAddress: localhost:54198}, networkConnectionEnabled: false, pageLoadStrategy: normal, platformName: WINDOWS, proxy: Proxy(), se:cdp: ws://localhost:54198/devtoo..., se:cdpVersion: 104.0.5112.81, setWindowRect: true, strictFileInteractability: false, timeouts: {implicit: 0, pageLoad: 300000, script: 30000}, unhandledPromptBehavior: dismiss and notify, webauthn:extension:credBlob: true, webauthn:extension:largeBlob: true, webauthn:virtualAuthenticators: true}
Session ID: 636fe5820bc6d238e89899fdef729bd4
at org.openqa.selenium.remote.codec.w3c.W3CHttpResponseCodec.createException(W3CHttpResponseCodec.java:200)
at org.openqa.selenium.remote.codec.w3c.W3CHttpResponseCodec.decode(W3CHttpResponseCodec.java:133)
at org.openqa.selenium.remote.codec.w3c.W3CHttpResponseCodec.decode(W3CHttpResponseCodec.java:53)
at org.openqa.selenium.remote.HttpCommandExecutor.execute(HttpCommandExecutor.java:184)
at org.openqa.selenium.remote.service.DriverCommandExecutor.invokeExecute(DriverCommandExecutor.java:167)
at org.openqa.selenium.remote.service.DriverCommandExecutor.execute(DriverCommandExecutor.java:142)
at org.openqa.selenium.remote.RemoteWebDriver.execute(RemoteWebDriver.java:569)
at org.openqa.selenium.remote.ElementLocation$ElementFinder$2.findElement(ElementLocation.java:162)
at org.openqa.selenium.remote.ElementLocation.findElement(ElementLocation.java:60)
at org.openqa.selenium.remote.RemoteWebDriver.findElement(RemoteWebDriver.java:387)
at org.openqa.selenium.remote.RemoteWebDriver.findElement(RemoteWebDriver.java:379)
at org.openqa.selenium.support.pagefactory.DefaultElementLocator.findElement(DefaultElementLocator.java:70)
at org.openqa.selenium.support.pagefactory.internal.LocatingElementHandler.invoke(LocatingElementHandler.java:39)
at jdk.proxy2/jdk.proxy2.$Proxy31.click(Unknown Source)
at regreesion.Regreesion.payment(Regreesion.java:746)
at regreesion.Regreesion.AR_654(Regreesion.java:20333)
at java.base/java.util.ArrayList.forEach(ArrayList.java:1511)
... Removed 32 stack frames]]>
    </failure>
  </testcase> <!-- AR_654 -->
  <testcase classname="regreesion.Regreesion" name="PM_19" time="231.925"/>
  <testcase classname="regreesion.Regreesion" name="PM_20" time="266.444"/>
  <testcase classname="regreesion.Regreesion" name="PM_4" time="173.723">
    <failure type="org.openqa.selenium.NoSuchElementException" message="no such element: Unable to locate element: {&amp;quot;method&amp;quot;:&amp;quot;xpath&amp;quot;,&amp;quot;selector&amp;quot;:&amp;quot;//*[@id=&amp;quot;root&amp;quot;]/div/div[2]/div[1]/div[1]/div/div[4]/div/button&amp;quot;}
  (Session info: chrome=104.0.5112.81)
For documentation on this error, please visit: https://selenium.dev/exceptions/#no_such_element
Build info: version: &amp;apos;4.3.0&amp;apos;, revision: &amp;apos;a4995e2c09*&amp;apos;
System info: host: &amp;apos;DESKTOP-4V6UVON&amp;apos;, ip: &amp;apos;192.168.55.103&amp;apos;, os.name: &amp;apos;Windows 10&amp;apos;, os.arch: &amp;apos;amd64&amp;apos;, os.version: &amp;apos;10.0&amp;apos;, java.version: &amp;apos;17.0.2&amp;apos;
Driver info: org.openqa.selenium.chrome.ChromeDriver
Command: [77a3304590c27ba3a1a8b206e9108ef2, findElement {using=xpath, value=//*[@id=&amp;quot;root&amp;quot;]/div/div[2]/div[1]/div[1]/div/div[4]/div/button}]
Capabilities {acceptInsecureCerts: false, browserName: chrome, browserVersion: 104.0.5112.81, chrome: {chromedriverVersion: 103.0.5060.53 (a1711811edd7..., userDataDir: C:\Users\welcome\AppData\Lo...}, goog:chromeOptions: {debuggerAddress: localhost:54624}, networkConnectionEnabled: false, pageLoadStrategy: normal, platformName: WINDOWS, proxy: Proxy(), se:cdp: ws://localhost:54624/devtoo..., se:cdpVersion: 104.0.5112.81, setWindowRect: true, strictFileInteractability: false, timeouts: {implicit: 0, pageLoad: 300000, script: 30000}, unhandledPromptBehavior: dismiss and notify, webauthn:extension:credBlob: true, webauthn:extension:largeBlob: true, webauthn:virtualAuthenticators: true}
Session ID: 77a3304590c27ba3a1a8b206e9108ef2">
      <![CDATA[org.openqa.selenium.NoSuchElementException: no such element: Unable to locate element: {"method":"xpath","selector":"//*[@id="root"]/div/div[2]/div[1]/div[1]/div/div[4]/div/button"}
  (Session info: chrome=104.0.5112.81)
For documentation on this error, please visit: https://selenium.dev/exceptions/#no_such_element
Build info: version: '4.3.0', revision: 'a4995e2c09*'
System info: host: 'DESKTOP-4V6UVON', ip: '192.168.55.103', os.name: 'Windows 10', os.arch: 'amd64', os.version: '10.0', java.version: '17.0.2'
Driver info: org.openqa.selenium.chrome.ChromeDriver
Command: [77a3304590c27ba3a1a8b206e9108ef2, findElement {using=xpath, value=//*[@id="root"]/div/div[2]/div[1]/div[1]/div/div[4]/div/button}]
Capabilities {acceptInsecureCerts: false, browserName: chrome, browserVersion: 104.0.5112.81, chrome: {chromedriverVersion: 103.0.5060.53 (a1711811edd7..., userDataDir: C:\Users\welcome\AppData\Lo...}, goog:chromeOptions: {debuggerAddress: localhost:54624}, networkConnectionEnabled: false, pageLoadStrategy: normal, platformName: WINDOWS, proxy: Proxy(), se:cdp: ws://localhost:54624/devtoo..., se:cdpVersion: 104.0.5112.81, setWindowRect: true, strictFileInteractability: false, timeouts: {implicit: 0, pageLoad: 300000, script: 30000}, unhandledPromptBehavior: dismiss and notify, webauthn:extension:credBlob: true, webauthn:extension:largeBlob: true, webauthn:virtualAuthenticators: true}
Session ID: 77a3304590c27ba3a1a8b206e9108ef2
at org.openqa.selenium.remote.codec.w3c.W3CHttpResponseCodec.createException(W3CHttpResponseCodec.java:200)
at org.openqa.selenium.remote.codec.w3c.W3CHttpResponseCodec.decode(W3CHttpResponseCodec.java:133)
at org.openqa.selenium.remote.codec.w3c.W3CHttpResponseCodec.decode(W3CHttpResponseCodec.java:53)
at org.openqa.selenium.remote.HttpCommandExecutor.execute(HttpCommandExecutor.java:184)
at org.openqa.selenium.remote.service.DriverCommandExecutor.invokeExecute(DriverCommandExecutor.java:167)
at org.openqa.selenium.remote.service.DriverCommandExecutor.execute(DriverCommandExecutor.java:142)
at org.openqa.selenium.remote.RemoteWebDriver.execute(RemoteWebDriver.java:569)
at org.openqa.selenium.remote.ElementLocation$ElementFinder$2.findElement(ElementLocation.java:162)
at org.openqa.selenium.remote.ElementLocation.findElement(ElementLocation.java:60)
at org.openqa.selenium.remote.RemoteWebDriver.findElement(RemoteWebDriver.java:387)
at org.openqa.selenium.remote.RemoteWebDriver.findElement(RemoteWebDriver.java:379)
at org.openqa.selenium.support.pagefactory.DefaultElementLocator.findElement(DefaultElementLocator.java:70)
at org.openqa.selenium.support.pagefactory.internal.LocatingElementHandler.invoke(LocatingElementHandler.java:39)
at jdk.proxy2/jdk.proxy2.$Proxy31.click(Unknown Source)
at regreesion.Regreesion.PM_4(Regreesion.java:22676)
at java.base/java.util.ArrayList.forEach(ArrayList.java:1511)
... Removed 32 stack frames]]>
    </failure>
  </testcase> <!-- PM_4 -->
  <testcase classname="regreesion.Regreesion" name="PM_16" time="74.976">
    <failure type="org.openqa.selenium.NoSuchElementException" message="no such element: Unable to locate element: {&amp;quot;method&amp;quot;:&amp;quot;xpath&amp;quot;,&amp;quot;selector&amp;quot;:&amp;quot;//*[@id=&amp;quot;modelUpgrade&amp;quot;]&amp;quot;}
  (Session info: chrome=104.0.5112.81)
For documentation on this error, please visit: https://selenium.dev/exceptions/#no_such_element
Build info: version: &amp;apos;4.3.0&amp;apos;, revision: &amp;apos;a4995e2c09*&amp;apos;
System info: host: &amp;apos;DESKTOP-4V6UVON&amp;apos;, ip: &amp;apos;192.168.55.103&amp;apos;, os.name: &amp;apos;Windows 10&amp;apos;, os.arch: &amp;apos;amd64&amp;apos;, os.version: &amp;apos;10.0&amp;apos;, java.version: &amp;apos;17.0.2&amp;apos;
Driver info: org.openqa.selenium.chrome.ChromeDriver
Command: [fc5da7899ffd852f24b6a2bf2beb5582, findElement {using=xpath, value=//*[@id=&amp;quot;modelUpgrade&amp;quot;]}]
Capabilities {acceptInsecureCerts: false, browserName: chrome, browserVersion: 104.0.5112.81, chrome: {chromedriverVersion: 103.0.5060.53 (a1711811edd7..., userDataDir: C:\Users\welcome\AppData\Lo...}, goog:chromeOptions: {debuggerAddress: localhost:54741}, networkConnectionEnabled: false, pageLoadStrategy: normal, platformName: WINDOWS, proxy: Proxy(), se:cdp: ws://localhost:54741/devtoo..., se:cdpVersion: 104.0.5112.81, setWindowRect: true, strictFileInteractability: false, timeouts: {implicit: 0, pageLoad: 300000, script: 30000}, unhandledPromptBehavior: dismiss and notify, webauthn:extension:credBlob: true, webauthn:extension:largeBlob: true, webauthn:virtualAuthenticators: true}
Session ID: fc5da7899ffd852f24b6a2bf2beb5582">
      <![CDATA[org.openqa.selenium.NoSuchElementException: no such element: Unable to locate element: {"method":"xpath","selector":"//*[@id="modelUpgrade"]"}
  (Session info: chrome=104.0.5112.81)
For documentation on this error, please visit: https://selenium.dev/exceptions/#no_such_element
Build info: version: '4.3.0', revision: 'a4995e2c09*'
System info: host: 'DESKTOP-4V6UVON', ip: '192.168.55.103', os.name: 'Windows 10', os.arch: 'amd64', os.version: '10.0', java.version: '17.0.2'
Driver info: org.openqa.selenium.chrome.ChromeDriver
Command: [fc5da7899ffd852f24b6a2bf2beb5582, findElement {using=xpath, value=//*[@id="modelUpgrade"]}]
Capabilities {acceptInsecureCerts: false, browserName: chrome, browserVersion: 104.0.5112.81, chrome: {chromedriverVersion: 103.0.5060.53 (a1711811edd7..., userDataDir: C:\Users\welcome\AppData\Lo...}, goog:chromeOptions: {debuggerAddress: localhost:54741}, networkConnectionEnabled: false, pageLoadStrategy: normal, platformName: WINDOWS, proxy: Proxy(), se:cdp: ws://localhost:54741/devtoo..., se:cdpVersion: 104.0.5112.81, setWindowRect: true, strictFileInteractability: false, timeouts: {implicit: 0, pageLoad: 300000, script: 30000}, unhandledPromptBehavior: dismiss and notify, webauthn:extension:credBlob: true, webauthn:extension:largeBlob: true, webauthn:virtualAuthenticators: true}
Session ID: fc5da7899ffd852f24b6a2bf2beb5582
at org.openqa.selenium.remote.codec.w3c.W3CHttpResponseCodec.createException(W3CHttpResponseCodec.java:200)
at org.openqa.selenium.remote.codec.w3c.W3CHttpResponseCodec.decode(W3CHttpResponseCodec.java:133)
at org.openqa.selenium.remote.codec.w3c.W3CHttpResponseCodec.decode(W3CHttpResponseCodec.java:53)
at org.openqa.selenium.remote.HttpCommandExecutor.execute(HttpCommandExecutor.java:184)
at org.openqa.selenium.remote.service.DriverCommandExecutor.invokeExecute(DriverCommandExecutor.java:167)
at org.openqa.selenium.remote.service.DriverCommandExecutor.execute(DriverCommandExecutor.java:142)
at org.openqa.selenium.remote.RemoteWebDriver.execute(RemoteWebDriver.java:569)
at org.openqa.selenium.remote.ElementLocation$ElementFinder$2.findElement(ElementLocation.java:162)
at org.openqa.selenium.remote.ElementLocation.findElement(ElementLocation.java:60)
at org.openqa.selenium.remote.RemoteWebDriver.findElement(RemoteWebDriver.java:387)
at org.openqa.selenium.remote.RemoteWebDriver.findElement(RemoteWebDriver.java:379)
at org.openqa.selenium.support.pagefactory.DefaultElementLocator.findElement(DefaultElementLocator.java:70)
at org.openqa.selenium.support.pagefactory.internal.LocatingElementHandler.invoke(LocatingElementHandler.java:39)
at jdk.proxy2/jdk.proxy2.$Proxy31.click(Unknown Source)
at regreesion.Regreesion.payment(Regreesion.java:746)
at regreesion.Regreesion.PM_16(Regreesion.java:23092)
at java.base/java.util.ArrayList.forEach(ArrayList.java:1511)
... Removed 32 stack frames]]>
    </failure>
  </testcase> <!-- PM_16 -->
  <testcase classname="regreesion.Regreesion" name="PM_10" time="117.937"/>
  <testcase classname="regreesion.Regreesion" name="PM_45" time="268.109">
    <failure type="org.openqa.selenium.NoSuchElementException" message="no such element: Unable to locate element: {&amp;quot;method&amp;quot;:&amp;quot;xpath&amp;quot;,&amp;quot;selector&amp;quot;:&amp;quot;/html/body/div[5]/div[3]/div/div/div/div/div[3]/button[1]&amp;quot;}
  (Session info: chrome=104.0.5112.81)
For documentation on this error, please visit: https://selenium.dev/exceptions/#no_such_element
Build info: version: &amp;apos;4.3.0&amp;apos;, revision: &amp;apos;a4995e2c09*&amp;apos;
System info: host: &amp;apos;DESKTOP-4V6UVON&amp;apos;, ip: &amp;apos;192.168.55.103&amp;apos;, os.name: &amp;apos;Windows 10&amp;apos;, os.arch: &amp;apos;amd64&amp;apos;, os.version: &amp;apos;10.0&amp;apos;, java.version: &amp;apos;17.0.2&amp;apos;
Driver info: org.openqa.selenium.chrome.ChromeDriver
Command: [57f897d21d84f627614f88553f7cfb11, findElement {using=xpath, value=/html/body/div[5]/div[3]/div/div/div/div/div[3]/button[1]}]
Capabilities {acceptInsecureCerts: false, browserName: chrome, browserVersion: 104.0.5112.81, chrome: {chromedriverVersion: 103.0.5060.53 (a1711811edd7..., userDataDir: C:\Users\welcome\AppData\Lo...}, goog:chromeOptions: {debuggerAddress: localhost:55028}, networkConnectionEnabled: false, pageLoadStrategy: normal, platformName: WINDOWS, proxy: Proxy(), se:cdp: ws://localhost:55028/devtoo..., se:cdpVersion: 104.0.5112.81, setWindowRect: true, strictFileInteractability: false, timeouts: {implicit: 0, pageLoad: 300000, script: 30000}, unhandledPromptBehavior: dismiss and notify, webauthn:extension:credBlob: true, webauthn:extension:largeBlob: true, webauthn:virtualAuthenticators: true}
Session ID: 57f897d21d84f627614f88553f7cfb11">
      <![CDATA[org.openqa.selenium.NoSuchElementException: no such element: Unable to locate element: {"method":"xpath","selector":"/html/body/div[5]/div[3]/div/div/div/div/div[3]/button[1]"}
  (Session info: chrome=104.0.5112.81)
For documentation on this error, please visit: https://selenium.dev/exceptions/#no_such_element
Build info: version: '4.3.0', revision: 'a4995e2c09*'
System info: host: 'DESKTOP-4V6UVON', ip: '192.168.55.103', os.name: 'Windows 10', os.arch: 'amd64', os.version: '10.0', java.version: '17.0.2'
Driver info: org.openqa.selenium.chrome.ChromeDriver
Command: [57f897d21d84f627614f88553f7cfb11, findElement {using=xpath, value=/html/body/div[5]/div[3]/div/div/div/div/div[3]/button[1]}]
Capabilities {acceptInsecureCerts: false, browserName: chrome, browserVersion: 104.0.5112.81, chrome: {chromedriverVersion: 103.0.5060.53 (a1711811edd7..., userDataDir: C:\Users\welcome\AppData\Lo...}, goog:chromeOptions: {debuggerAddress: localhost:55028}, networkConnectionEnabled: false, pageLoadStrategy: normal, platformName: WINDOWS, proxy: Proxy(), se:cdp: ws://localhost:55028/devtoo..., se:cdpVersion: 104.0.5112.81, setWindowRect: true, strictFileInteractability: false, timeouts: {implicit: 0, pageLoad: 300000, script: 30000}, unhandledPromptBehavior: dismiss and notify, webauthn:extension:credBlob: true, webauthn:extension:largeBlob: true, webauthn:virtualAuthenticators: true}
Session ID: 57f897d21d84f627614f88553f7cfb11
at org.openqa.selenium.remote.codec.w3c.W3CHttpResponseCodec.createException(W3CHttpResponseCodec.java:200)
at org.openqa.selenium.remote.codec.w3c.W3CHttpResponseCodec.decode(W3CHttpResponseCodec.java:133)
at org.openqa.selenium.remote.codec.w3c.W3CHttpResponseCodec.decode(W3CHttpResponseCodec.java:53)
at org.openqa.selenium.remote.HttpCommandExecutor.execute(HttpCommandExecutor.java:184)
at org.openqa.selenium.remote.service.DriverCommandExecutor.invokeExecute(DriverCommandExecutor.java:167)
at org.openqa.selenium.remote.service.DriverCommandExecutor.execute(DriverCommandExecutor.java:142)
at org.openqa.selenium.remote.RemoteWebDriver.execute(RemoteWebDriver.java:569)
at org.openqa.selenium.remote.ElementLocation$ElementFinder$2.findElement(ElementLocation.java:162)
at org.openqa.selenium.remote.ElementLocation.findElement(ElementLocation.java:60)
at org.openqa.selenium.remote.RemoteWebDriver.findElement(RemoteWebDriver.java:387)
at org.openqa.selenium.remote.RemoteWebDriver.findElement(RemoteWebDriver.java:379)
at org.openqa.selenium.support.pagefactory.DefaultElementLocator.findElement(DefaultElementLocator.java:70)
at org.openqa.selenium.support.pagefactory.internal.LocatingElementHandler.invoke(LocatingElementHandler.java:39)
at jdk.proxy2/jdk.proxy2.$Proxy31.click(Unknown Source)
at regreesion.Regreesion.PM_45(Regreesion.java:24520)
at java.base/java.util.ArrayList.forEach(ArrayList.java:1511)
... Removed 32 stack frames]]>
    </failure>
  </testcase> <!-- PM_45 -->
  <testcase classname="regreesion.Regreesion" name="subscribed" time="0.0">
    <ignored/>
  </testcase> <!-- subscribed -->
  <testcase classname="regreesion.Regreesion" name="AR_10" time="0.0">
    <ignored/>
  </testcase> <!-- AR_10 -->
  <testcase classname="regreesion.Regreesion" name="AR_12" time="0.0">
    <ignored/>
  </testcase> <!-- AR_12 -->
  <testcase classname="regreesion.Regreesion" name="AR_14" time="0.0">
    <ignored/>
  </testcase> <!-- AR_14 -->
  <testcase classname="regreesion.Regreesion" name="AR_13" time="0.0">
    <ignored/>
  </testcase> <!-- AR_13 -->
  <testcase classname="regreesion.Regreesion" name="AR_16" time="0.0">
    <ignored/>
  </testcase> <!-- AR_16 -->
  <testcase classname="regreesion.Regreesion" name="AR_15" time="0.0">
    <ignored/>
  </testcase> <!-- AR_15 -->
  <testcase classname="regreesion.Regreesion" name="AR_18" time="0.0">
    <ignored/>
  </testcase> <!-- AR_18 -->
  <testcase classname="regreesion.Regreesion" name="AR_17" time="0.0">
    <ignored/>
  </testcase> <!-- AR_17 -->
  <testcase classname="regreesion.Regreesion" name="AR_19" time="0.0">
    <ignored/>
  </testcase> <!-- AR_19 -->
  <testcase classname="regreesion.Regreesion" name="PM_41" time="0.0">
    <ignored/>
  </testcase> <!-- PM_41 -->
  <testcase classname="regreesion.Regreesion" name="AR_11" time="0.0">
    <ignored/>
  </testcase> <!-- AR_11 -->
  <testcase classname="regreesion.Regreesion" name="PM_32" time="0.0">
    <ignored/>
  </testcase> <!-- PM_32 -->
  <testcase classname="regreesion.Regreesion" name="Login" time="0.0">
    <ignored/>
  </testcase> <!-- Login -->
  <testcase classname="regreesion.Regreesion" name="PM_40" time="0.0">
    <ignored/>
  </testcase> <!-- PM_40 -->
  <testcase classname="regreesion.Regreesion" name="PM_34" time="0.0">
    <ignored/>
  </testcase> <!-- PM_34 -->
  <testcase classname="regreesion.Regreesion" name="check" time="0.0">
    <ignored/>
  </testcase> <!-- check -->
  <testcase classname="regreesion.Regreesion" name="PM_31" time="0.0">
    <ignored/>
  </testcase> <!-- PM_31 -->
  <testcase classname="regreesion.Regreesion" name="PM_36" time="0.0">
    <ignored/>
  </testcase> <!-- PM_36 -->
  <testcase classname="regreesion.Regreesion" name="PM_33" time="0.0">
    <ignored/>
  </testcase> <!-- PM_33 -->
  <testcase classname="regreesion.Regreesion" name="PM_38" time="0.0">
    <ignored/>
  </testcase> <!-- PM_38 -->
  <testcase classname="regreesion.Regreesion" name="PM_35" time="0.0">
    <ignored/>
  </testcase> <!-- PM_35 -->
  <testcase classname="regreesion.Regreesion" name="PM_37" time="0.0">
    <ignored/>
  </testcase> <!-- PM_37 -->
  <testcase classname="regreesion.Regreesion" name="PM_39" time="0.0">
    <ignored/>
  </testcase> <!-- PM_39 -->
  <testcase classname="regreesion.Regreesion" name="Nv_226" time="0.0">
    <ignored/>
  </testcase> <!-- Nv_226 -->
  <testcase classname="regreesion.Regreesion" name="Nv_224" time="0.0">
    <ignored/>
  </testcase> <!-- Nv_224 -->
  <testcase classname="regreesion.Regreesion" name="NR_233" time="0.0">
    <ignored/>
  </testcase> <!-- NR_233 -->
  <testcase classname="regreesion.Regreesion" name="NR_354" time="0.0">
    <ignored/>
  </testcase> <!-- NR_354 -->
  <testcase classname="regreesion.Regreesion" name="AR_693" time="0.0">
    <ignored/>
  </testcase> <!-- AR_693 -->
  <testcase classname="regreesion.Regreesion" name="NR_230" time="0.0">
    <ignored/>
  </testcase> <!-- NR_230 -->
  <testcase classname="regreesion.Regreesion" name="NR_231" time="0.0">
    <ignored/>
  </testcase> <!-- NR_231 -->
  <testcase classname="regreesion.Regreesion" name="AR_695" time="0.0">
    <ignored/>
  </testcase> <!-- AR_695 -->
  <testcase classname="regreesion.Regreesion" name="NR_591" time="0.0">
    <ignored/>
  </testcase> <!-- NR_591 -->
  <testcase classname="regreesion.Regreesion" name="AR_698" time="0.0">
    <ignored/>
  </testcase> <!-- AR_698 -->
  <testcase classname="regreesion.Regreesion" name="NR_358" time="0.0">
    <ignored/>
  </testcase> <!-- NR_358 -->
  <testcase classname="regreesion.Regreesion" name="AR_697" time="0.0">
    <ignored/>
  </testcase> <!-- AR_697 -->
  <testcase classname="regreesion.Regreesion" name="NR_597" time="0.0">
    <ignored/>
  </testcase> <!-- NR_597 -->
  <testcase classname="regreesion.Regreesion" name="wf_21" time="0.0">
    <ignored/>
  </testcase> <!-- wf_21 -->
  <testcase classname="regreesion.Regreesion" name="NR_356" time="0.0">
    <ignored/>
  </testcase> <!-- NR_356 -->
  <testcase classname="regreesion.Regreesion" name="AR_699" time="0.0">
    <ignored/>
  </testcase> <!-- AR_699 -->
  <testcase classname="regreesion.Regreesion" name="NR_232" time="0.0">
    <ignored/>
  </testcase> <!-- NR_232 -->
  <testcase classname="regreesion.Regreesion" name="NR_359" time="0.0">
    <ignored/>
  </testcase> <!-- NR_359 -->
  <testcase classname="regreesion.Regreesion" name="PM_30" time="0.0">
    <ignored/>
  </testcase> <!-- PM_30 -->
  <testcase classname="regreesion.Regreesion" name="NR_357" time="0.0">
    <ignored/>
  </testcase> <!-- NR_357 -->
  <testcase classname="regreesion.Regreesion" name="PM_21" time="0.0">
    <ignored/>
  </testcase> <!-- PM_21 -->
  <testcase classname="regreesion.Regreesion" name="wf_24" time="0.0">
    <ignored/>
  </testcase> <!-- wf_24 -->
  <testcase classname="regreesion.Regreesion" name="PM_23" time="0.0">
    <ignored/>
  </testcase> <!-- PM_23 -->
  <testcase classname="regreesion.Regreesion" name="wf_22" time="0.0">
    <ignored/>
  </testcase> <!-- wf_22 -->
  <testcase classname="regreesion.Regreesion" name="PM_22" time="0.0">
    <ignored/>
  </testcase> <!-- PM_22 -->
  <testcase classname="regreesion.Regreesion" name="PM_27" time="0.0">
    <ignored/>
  </testcase> <!-- PM_27 -->
  <testcase classname="regreesion.Regreesion" name="wf_23" time="0.0">
    <ignored/>
  </testcase> <!-- wf_23 -->
  <testcase classname="regreesion.Regreesion" name="PM_24" time="0.0">
    <ignored/>
  </testcase> <!-- PM_24 -->
  <testcase classname="regreesion.Regreesion" name="PM_29" time="0.0">
    <ignored/>
  </testcase> <!-- PM_29 -->
  <testcase classname="regreesion.Regreesion" name="PM_26" time="0.0">
    <ignored/>
  </testcase> <!-- PM_26 -->
  <testcase classname="regreesion.Regreesion" name="PM_28" time="0.0">
    <ignored/>
  </testcase> <!-- PM_28 -->
  <testcase classname="regreesion.Regreesion" name="AR_681" time="0.0">
    <ignored/>
  </testcase> <!-- AR_681 -->
  <testcase classname="regreesion.Regreesion" name="AR_320" time="0.0">
    <ignored/>
  </testcase> <!-- AR_320 -->
  <testcase classname="regreesion.Regreesion" name="AR_682" time="0.0">
    <ignored/>
  </testcase> <!-- AR_682 -->
  <testcase classname="regreesion.Regreesion" name="AR_322" time="0.0">
    <ignored/>
  </testcase> <!-- AR_322 -->
  <testcase classname="regreesion.Regreesion" name="AR_685" time="0.0">
    <ignored/>
  </testcase> <!-- AR_685 -->
  <testcase classname="regreesion.Regreesion" name="AR_321" time="0.0">
    <ignored/>
  </testcase> <!-- AR_321 -->
  <testcase classname="regreesion.Regreesion" name="NRv_371" time="0.0">
    <ignored/>
  </testcase> <!-- NRv_371 -->
  <testcase classname="regreesion.Regreesion" name="AR_324" time="0.0">
    <ignored/>
  </testcase> <!-- AR_324 -->
  <testcase classname="regreesion.Regreesion" name="AR_687" time="0.0">
    <ignored/>
  </testcase> <!-- AR_687 -->
  <testcase classname="regreesion.Regreesion" name="AR_323" time="0.0">
    <ignored/>
  </testcase> <!-- AR_323 -->
  <testcase classname="regreesion.Regreesion" name="AR_686" time="0.0">
    <ignored/>
  </testcase> <!-- AR_686 -->
  <testcase classname="regreesion.Regreesion" name="AR_689" time="0.0">
    <ignored/>
  </testcase> <!-- AR_689 -->
  <testcase classname="regreesion.Regreesion" name="AR_325" time="0.0">
    <ignored/>
  </testcase> <!-- AR_325 -->
  <testcase classname="regreesion.Regreesion" name="AR_688" time="0.0">
    <ignored/>
  </testcase> <!-- AR_688 -->
  <testcase classname="regreesion.Regreesion" name="PM_12" time="0.0">
    <ignored/>
  </testcase> <!-- PM_12 -->
  <testcase classname="regreesion.Regreesion" name="PM_14" time="0.0">
    <ignored/>
  </testcase> <!-- PM_14 -->
  <testcase classname="regreesion.Regreesion" name="PM_11" time="0.0">
    <ignored/>
  </testcase> <!-- PM_11 -->
  <testcase classname="regreesion.Regreesion" name="wf_20" time="0.0">
    <ignored/>
  </testcase> <!-- wf_20 -->
  <testcase classname="regreesion.Regreesion" name="PM_13" time="0.0">
    <ignored/>
  </testcase> <!-- PM_13 -->
  <testcase classname="regreesion.Regreesion" name="PM_18" time="0.0">
    <ignored/>
  </testcase> <!-- PM_18 -->
  <testcase classname="regreesion.Regreesion" name="PM_15" time="0.0">
    <ignored/>
  </testcase> <!-- PM_15 -->
  <testcase classname="regreesion.Regreesion" name="PM_17" time="0.0">
    <ignored/>
  </testcase> <!-- PM_17 -->
  <testcase classname="regreesion.Regreesion" name="AR_690" time="0.0">
    <ignored/>
  </testcase> <!-- AR_690 -->
  <testcase classname="regreesion.Regreesion" name="AR_672" time="0.0">
    <ignored/>
  </testcase> <!-- AR_672 -->
  <testcase classname="regreesion.Regreesion" name="Nk_242" time="0.0">
    <ignored/>
  </testcase> <!-- Nk_242 -->
  <testcase classname="regreesion.Regreesion" name="AR_671" time="0.0">
    <ignored/>
  </testcase> <!-- AR_671 -->
  <testcase classname="regreesion.Regreesion" name="AR_311" time="0.0">
    <ignored/>
  </testcase> <!-- AR_311 -->
  <testcase classname="regreesion.Regreesion" name="AR_310" time="0.0">
    <ignored/>
  </testcase> <!-- AR_310 -->
  <testcase classname="regreesion.Regreesion" name="AR_313" time="0.0">
    <ignored/>
  </testcase> <!-- AR_313 -->
  <testcase classname="regreesion.Regreesion" name="AR_676" time="0.0">
    <ignored/>
  </testcase> <!-- AR_676 -->
  <testcase classname="regreesion.Regreesion" name="AR_312" time="0.0">
    <ignored/>
  </testcase> <!-- AR_312 -->
  <testcase classname="regreesion.Regreesion" name="AR_675" time="0.0">
    <ignored/>
  </testcase> <!-- AR_675 -->
  <testcase classname="regreesion.Regreesion" name="AR_315" time="0.0">
    <ignored/>
  </testcase> <!-- AR_315 -->
  <testcase classname="regreesion.Regreesion" name="AR_678" time="0.0">
    <ignored/>
  </testcase> <!-- AR_678 -->
  <testcase classname="regreesion.Regreesion" name="AR_314" time="0.0">
    <ignored/>
  </testcase> <!-- AR_314 -->
  <testcase classname="regreesion.Regreesion" name="AR_677" time="0.0">
    <ignored/>
  </testcase> <!-- AR_677 -->
  <testcase classname="regreesion.Regreesion" name="AR_317" time="0.0">
    <ignored/>
  </testcase> <!-- AR_317 -->
  <testcase classname="regreesion.Regreesion" name="AR_316" time="0.0">
    <ignored/>
  </testcase> <!-- AR_316 -->
  <testcase classname="regreesion.Regreesion" name="AR_679" time="0.0">
    <ignored/>
  </testcase> <!-- AR_679 -->
  <testcase classname="regreesion.Regreesion" name="AR_319" time="0.0">
    <ignored/>
  </testcase> <!-- AR_319 -->
  <testcase classname="regreesion.Regreesion" name="AR_318" time="0.0">
    <ignored/>
  </testcase> <!-- AR_318 -->
  <testcase classname="regreesion.Regreesion" name="AR_309" time="0.0">
    <ignored/>
  </testcase> <!-- AR_309 -->
  <testcase classname="regreesion.Regreesion" name="Av_309" time="0.0">
    <ignored/>
  </testcase> <!-- Av_309 -->
  <testcase classname="regreesion.Regreesion" name="NRv_232" time="0.0">
    <ignored/>
  </testcase> <!-- NRv_232 -->
  <testcase classname="regreesion.Regreesion" name="NR_191" time="0.0">
    <ignored/>
  </testcase> <!-- NR_191 -->
  <testcase classname="regreesion.Regreesion" name="AR_660" time="0.0">
    <ignored/>
  </testcase> <!-- AR_660 -->
  <testcase classname="regreesion.Regreesion" name="AR_300" time="0.0">
    <ignored/>
  </testcase> <!-- AR_300 -->
  <testcase classname="regreesion.Regreesion" name="AR_663" time="0.0">
    <ignored/>
  </testcase> <!-- AR_663 -->
  <testcase classname="regreesion.Regreesion" name="AR_302" time="0.0">
    <ignored/>
  </testcase> <!-- AR_302 -->
  <testcase classname="regreesion.Regreesion" name="AR_301" time="0.0">
    <ignored/>
  </testcase> <!-- AR_301 -->
  <testcase classname="regreesion.Regreesion" name="AR_664" time="0.0">
    <ignored/>
  </testcase> <!-- AR_664 -->
  <testcase classname="regreesion.Regreesion" name="wf_10" time="0.0">
    <ignored/>
  </testcase> <!-- wf_10 -->
  <testcase classname="regreesion.Regreesion" name="AR_304" time="0.0">
    <ignored/>
  </testcase> <!-- AR_304 -->
  <testcase classname="regreesion.Regreesion" name="AR_667" time="0.0">
    <ignored/>
  </testcase> <!-- AR_667 -->
  <testcase classname="regreesion.Regreesion" name="AR_303" time="0.0">
    <ignored/>
  </testcase> <!-- AR_303 -->
  <testcase classname="regreesion.Regreesion" name="AR_306" time="0.0">
    <ignored/>
  </testcase> <!-- AR_306 -->
  <testcase classname="regreesion.Regreesion" name="AR_669" time="0.0">
    <ignored/>
  </testcase> <!-- AR_669 -->
  <testcase classname="regreesion.Regreesion" name="AR_305" time="0.0">
    <ignored/>
  </testcase> <!-- AR_305 -->
  <testcase classname="regreesion.Regreesion" name="AR_308" time="0.0">
    <ignored/>
  </testcase> <!-- AR_308 -->
  <testcase classname="regreesion.Regreesion" name="AR_307" time="0.0">
    <ignored/>
  </testcase> <!-- AR_307 -->
  <testcase classname="regreesion.Regreesion" name="wf_15" time="0.0">
    <ignored/>
  </testcase> <!-- wf_15 -->
  <testcase classname="regreesion.Regreesion" name="wf_18" time="0.0">
    <ignored/>
  </testcase> <!-- wf_18 -->
  <testcase classname="regreesion.Regreesion" name="wf_13" time="0.0">
    <ignored/>
  </testcase> <!-- wf_13 -->
  <testcase classname="regreesion.Regreesion" name="wf_16" time="0.0">
    <ignored/>
  </testcase> <!-- wf_16 -->
  <testcase classname="regreesion.Regreesion" name="wf_11" time="0.0">
    <ignored/>
  </testcase> <!-- wf_11 -->
  <testcase classname="regreesion.Regreesion" name="wf_14" time="0.0">
    <ignored/>
  </testcase> <!-- wf_14 -->
  <testcase classname="regreesion.Regreesion" name="wf_12" time="0.0">
    <ignored/>
  </testcase> <!-- wf_12 -->
  <testcase classname="regreesion.Regreesion" name="wf_19" time="0.0">
    <ignored/>
  </testcase> <!-- wf_19 -->
  <testcase classname="regreesion.Regreesion" name="wf_17" time="0.0">
    <ignored/>
  </testcase> <!-- wf_17 -->
  <testcase classname="regreesion.Regreesion" name="AR_656" time="0.0">
    <ignored/>
  </testcase> <!-- AR_656 -->
  <testcase classname="regreesion.Regreesion" name="AR_655" time="0.0">
    <ignored/>
  </testcase> <!-- AR_655 -->
  <testcase classname="regreesion.Regreesion" name="AR_657" time="0.0">
    <ignored/>
  </testcase> <!-- AR_657 -->
  <testcase classname="regreesion.Regreesion" name="AR_659" time="0.0">
    <ignored/>
  </testcase> <!-- AR_659 -->
  <testcase classname="regreesion.Regreesion" name="AR_3" time="0.0">
    <ignored/>
  </testcase> <!-- AR_3 -->
  <testcase classname="regreesion.Regreesion" name="AR_2" time="0.0">
    <ignored/>
  </testcase> <!-- AR_2 -->
  <testcase classname="regreesion.Regreesion" name="AR_5" time="0.0">
    <ignored/>
  </testcase> <!-- AR_5 -->
  <testcase classname="regreesion.Regreesion" name="AR_1" time="0.0">
    <ignored/>
  </testcase> <!-- AR_1 -->
  <testcase classname="regreesion.Regreesion" name="AR_8" time="0.0">
    <ignored/>
  </testcase> <!-- AR_8 -->
  <testcase classname="regreesion.Regreesion" name="AR_4" time="0.0">
    <ignored/>
  </testcase> <!-- AR_4 -->
  <testcase classname="regreesion.Regreesion" name="AR_7" time="0.0">
    <ignored/>
  </testcase> <!-- AR_7 -->
  <testcase classname="regreesion.Regreesion" name="AR_6" time="0.0">
    <ignored/>
  </testcase> <!-- AR_6 -->
  <testcase classname="regreesion.Regreesion" name="AR_9" time="0.0">
    <ignored/>
  </testcase> <!-- AR_9 -->
  <testcase classname="regreesion.Regreesion" name="Nk_241" time="0.0">
    <ignored/>
  </testcase> <!-- Nk_241 -->
  <testcase classname="regreesion.Regreesion" name="PM_8" time="0.0">
    <ignored/>
  </testcase> <!-- PM_8 -->
  <testcase classname="regreesion.Regreesion" name="PM_9" time="0.0">
    <ignored/>
  </testcase> <!-- PM_9 -->
  <testcase classname="regreesion.Regreesion" name="PM_6" time="0.0">
    <ignored/>
  </testcase> <!-- PM_6 -->
  <testcase classname="regreesion.Regreesion" name="PM_7" time="0.0">
    <ignored/>
  </testcase> <!-- PM_7 -->
  <testcase classname="regreesion.Regreesion" name="PM_5" time="0.0">
    <ignored/>
  </testcase> <!-- PM_5 -->
  <testcase classname="regreesion.Regreesion" name="PM_2" time="0.0">
    <ignored/>
  </testcase> <!-- PM_2 -->
  <testcase classname="regreesion.Regreesion" name="PM_1" time="0.0">
    <ignored/>
  </testcase> <!-- PM_1 -->
  <testcase classname="regreesion.Regreesion" name="NR_80to93" time="0.0">
    <ignored/>
  </testcase> <!-- NR_80to93 -->
  <testcase classname="regreesion.Regreesion" name="NR_193" time="0.0">
    <ignored/>
  </testcase> <!-- NR_193 -->
  <testcase classname="regreesion.Regreesion" name="AR_70" time="0.0">
    <ignored/>
  </testcase> <!-- AR_70 -->
  <testcase classname="regreesion.Regreesion" name="AR_72" time="0.0">
    <ignored/>
  </testcase> <!-- AR_72 -->
  <testcase classname="regreesion.Regreesion" name="AR_71" time="0.0">
    <ignored/>
  </testcase> <!-- AR_71 -->
  <testcase classname="regreesion.Regreesion" name="NRv_408" time="0.0">
    <ignored/>
  </testcase> <!-- NRv_408 -->
  <testcase classname="regreesion.Regreesion" name="AR_74" time="0.0">
    <ignored/>
  </testcase> <!-- AR_74 -->
  <testcase classname="regreesion.Regreesion" name="AR_73" time="0.0">
    <ignored/>
  </testcase> <!-- AR_73 -->
  <testcase classname="regreesion.Regreesion" name="AR_76" time="0.0">
    <ignored/>
  </testcase> <!-- AR_76 -->
  <testcase classname="regreesion.Regreesion" name="AR_75" time="0.0">
    <ignored/>
  </testcase> <!-- AR_75 -->
  <testcase classname="regreesion.Regreesion" name="AR_78" time="0.0">
    <ignored/>
  </testcase> <!-- AR_78 -->
  <testcase classname="regreesion.Regreesion" name="AR_66" time="0.0">
    <ignored/>
  </testcase> <!-- AR_66 -->
  <testcase classname="regreesion.Regreesion" name="Driveing" time="0.0">
    <ignored/>
  </testcase> <!-- Driveing -->
  <testcase classname="regreesion.Regreesion" name="Nvr_241" time="0.0">
    <ignored/>
  </testcase> <!-- Nvr_241 -->
  <testcase classname="regreesion.Regreesion" name="NR_192" time="0.0">
    <ignored/>
  </testcase> <!-- NR_192 -->
  <testcase classname="regreesion.Regreesion" name="NR_190" time="0.0">
    <ignored/>
  </testcase> <!-- NR_190 -->
  <testcase classname="regreesion.Regreesion" name="NRv_538" time="0.0">
    <ignored/>
  </testcase> <!-- NRv_538 -->
  <testcase classname="regreesion.Regreesion" name="AR_77" time="0.0">
    <ignored/>
  </testcase> <!-- AR_77 -->
  <testcase classname="regreesion.Regreesion" name="AR_50" time="0.0">
    <ignored/>
  </testcase> <!-- AR_50 -->
  <testcase classname="regreesion.Regreesion" name="AR_52" time="0.0">
    <ignored/>
  </testcase> <!-- AR_52 -->
  <testcase classname="regreesion.Regreesion" name="AR_51" time="0.0">
    <ignored/>
  </testcase> <!-- AR_51 -->
  <testcase classname="regreesion.Regreesion" name="AR_54" time="0.0">
    <ignored/>
  </testcase> <!-- AR_54 -->
  <testcase classname="regreesion.Regreesion" name="AR_53" time="0.0">
    <ignored/>
  </testcase> <!-- AR_53 -->
  <testcase classname="regreesion.Regreesion" name="AR_56" time="0.0">
    <ignored/>
  </testcase> <!-- AR_56 -->
  <testcase classname="regreesion.Regreesion" name="AR_58" time="0.0">
    <ignored/>
  </testcase> <!-- AR_58 -->
  <testcase classname="regreesion.Regreesion" name="AR_57" time="0.0">
    <ignored/>
  </testcase> <!-- AR_57 -->
  <testcase classname="regreesion.Regreesion" name="AR_59" time="0.0">
    <ignored/>
  </testcase> <!-- AR_59 -->
  <testcase classname="regreesion.Regreesion" name="AR_61" time="0.0">
    <ignored/>
  </testcase> <!-- AR_61 -->
  <testcase classname="regreesion.Regreesion" name="AR_60" time="0.0">
    <ignored/>
  </testcase> <!-- AR_60 -->
  <testcase classname="regreesion.Regreesion" name="AR_63" time="0.0">
    <ignored/>
  </testcase> <!-- AR_63 -->
  <testcase classname="regreesion.Regreesion" name="AR_62" time="0.0">
    <ignored/>
  </testcase> <!-- AR_62 -->
  <testcase classname="regreesion.Regreesion" name="AR_65" time="0.0">
    <ignored/>
  </testcase> <!-- AR_65 -->
  <testcase classname="regreesion.Regreesion" name="AR_64" time="0.0">
    <ignored/>
  </testcase> <!-- AR_64 -->
  <testcase classname="regreesion.Regreesion" name="AR_67" time="0.0">
    <ignored/>
  </testcase> <!-- AR_67 -->
  <testcase classname="regreesion.Regreesion" name="AR_55" time="0.0">
    <ignored/>
  </testcase> <!-- AR_55 -->
  <testcase classname="regreesion.Regreesion" name="AR_69" time="0.0">
    <ignored/>
  </testcase> <!-- AR_69 -->
  <testcase classname="regreesion.Regreesion" name="AR_68" time="0.0">
    <ignored/>
  </testcase> <!-- AR_68 -->
  <testcase classname="regreesion.Regreesion" name="AR_131" time="0.0">
    <ignored/>
  </testcase> <!-- AR_131 -->
  <testcase classname="regreesion.Regreesion" name="AR_130" time="0.0">
    <ignored/>
  </testcase> <!-- AR_130 -->
  <testcase classname="regreesion.Regreesion" name="Tables" time="0.0">
    <ignored/>
  </testcase> <!-- Tables -->
  <testcase classname="regreesion.Regreesion" name="AR_133" time="0.0">
    <ignored/>
  </testcase> <!-- AR_133 -->
  <testcase classname="regreesion.Regreesion" name="AR_132" time="0.0">
    <ignored/>
  </testcase> <!-- AR_132 -->
  <testcase classname="regreesion.Regreesion" name="AR_135" time="0.0">
    <ignored/>
  </testcase> <!-- AR_135 -->
  <testcase classname="regreesion.Regreesion" name="AR_134" time="0.0">
    <ignored/>
  </testcase> <!-- AR_134 -->
  <testcase classname="regreesion.Regreesion" name="AR_137" time="0.0">
    <ignored/>
  </testcase> <!-- AR_137 -->
  <testcase classname="regreesion.Regreesion" name="AR_136" time="0.0">
    <ignored/>
  </testcase> <!-- AR_136 -->
  <testcase classname="regreesion.Regreesion" name="AR_22" time="0.0">
    <ignored/>
  </testcase> <!-- AR_22 -->
  <testcase classname="regreesion.Regreesion" name="receiptsubscribed" time="0.0">
    <ignored/>
  </testcase> <!-- receiptsubscribed -->
  <testcase classname="regreesion.Regreesion" name="AR_120" time="0.0">
    <ignored/>
  </testcase> <!-- AR_120 -->
  <testcase classname="regreesion.Regreesion" name="receipt" time="0.0">
    <ignored/>
  </testcase> <!-- receipt -->
  <testcase classname="regreesion.Regreesion" name="AR_122" time="0.0">
    <ignored/>
  </testcase> <!-- AR_122 -->
  <testcase classname="regreesion.Regreesion" name="AV_1" time="0.0">
    <ignored/>
  </testcase> <!-- AV_1 -->
  <testcase classname="regreesion.Regreesion" name="AR_121" time="0.0">
    <ignored/>
  </testcase> <!-- AR_121 -->
  <testcase classname="regreesion.Regreesion" name="wf_9" time="0.0">
    <ignored/>
  </testcase> <!-- wf_9 -->
  <testcase classname="regreesion.Regreesion" name="AR_124" time="0.0">
    <ignored/>
  </testcase> <!-- AR_124 -->
  <testcase classname="regreesion.Regreesion" name="wf_6" time="0.0">
    <ignored/>
  </testcase> <!-- wf_6 -->
  <testcase classname="regreesion.Regreesion" name="AR_123" time="0.0">
    <ignored/>
  </testcase> <!-- AR_123 -->
  <testcase classname="regreesion.Regreesion" name="AR_126" time="0.0">
    <ignored/>
  </testcase> <!-- AR_126 -->
  <testcase classname="regreesion.Regreesion" name="wf_8" time="0.0">
    <ignored/>
  </testcase> <!-- wf_8 -->
  <testcase classname="regreesion.Regreesion" name="AR_125" time="0.0">
    <ignored/>
  </testcase> <!-- AR_125 -->
  <testcase classname="regreesion.Regreesion" name="wf_5" time="0.0">
    <ignored/>
  </testcase> <!-- wf_5 -->
  <testcase classname="regreesion.Regreesion" name="AR_128" time="0.0">
    <ignored/>
  </testcase> <!-- AR_128 -->
  <testcase classname="regreesion.Regreesion" name="wf_2" time="0.0">
    <ignored/>
  </testcase> <!-- wf_2 -->
  <testcase classname="regreesion.Regreesion" name="AR_127" time="0.0">
    <ignored/>
  </testcase> <!-- AR_127 -->
  <testcase classname="regreesion.Regreesion" name="wf_7" time="0.0">
    <ignored/>
  </testcase> <!-- wf_7 -->
  <testcase classname="regreesion.Regreesion" name="wf_4" time="0.0">
    <ignored/>
  </testcase> <!-- wf_4 -->
  <testcase classname="regreesion.Regreesion" name="AR_129" time="0.0">
    <ignored/>
  </testcase> <!-- AR_129 -->
  <testcase classname="regreesion.Regreesion" name="wf_1" time="0.0">
    <ignored/>
  </testcase> <!-- wf_1 -->
  <testcase classname="regreesion.Regreesion" name="wf_3" time="0.0">
    <ignored/>
  </testcase> <!-- wf_3 -->
  <testcase classname="regreesion.Regreesion" name="NR_570" time="0.0">
    <ignored/>
  </testcase> <!-- NR_570 -->
  <testcase classname="regreesion.Regreesion" name="AR_111" time="0.0">
    <ignored/>
  </testcase> <!-- AR_111 -->
  <testcase classname="regreesion.Regreesion" name="NR_332" time="0.0">
    <ignored/>
  </testcase> <!-- NR_332 -->
  <testcase classname="regreesion.Regreesion" name="NR_574" time="0.0">
    <ignored/>
  </testcase> <!-- NR_574 -->
  <testcase classname="regreesion.Regreesion" name="Nv_39" time="0.0">
    <ignored/>
  </testcase> <!-- Nv_39 -->
  <testcase classname="regreesion.Regreesion" name="NR_571" time="0.0">
    <ignored/>
  </testcase> <!-- NR_571 -->
  <testcase classname="regreesion.Regreesion" name="CM_3" time="0.0">
    <ignored/>
  </testcase> <!-- CM_3 -->
  <testcase classname="regreesion.Regreesion" name="AR_113" time="0.0">
    <ignored/>
  </testcase> <!-- AR_113 -->
  <testcase classname="regreesion.Regreesion" name="AR_112" time="0.0">
    <ignored/>
  </testcase> <!-- AR_112 -->
  <testcase classname="regreesion.Regreesion" name="AR_115" time="0.0">
    <ignored/>
  </testcase> <!-- AR_115 -->
  <testcase classname="regreesion.Regreesion" name="passport" time="0.0">
    <ignored/>
  </testcase> <!-- passport -->
  <testcase classname="regreesion.Regreesion" name="NR_336" time="0.0">
    <ignored/>
  </testcase> <!-- NR_336 -->
  <testcase classname="regreesion.Regreesion" name="AR_114" time="0.0">
    <ignored/>
  </testcase> <!-- AR_114 -->
  <testcase classname="regreesion.Regreesion" name="NR_575" time="0.0">
    <ignored/>
  </testcase> <!-- NR_575 -->
  <testcase classname="regreesion.Regreesion" name="AR_117" time="0.0">
    <ignored/>
  </testcase> <!-- AR_117 -->
  <testcase classname="regreesion.Regreesion" name="NR_334" time="0.0">
    <ignored/>
  </testcase> <!-- NR_334 -->
  <testcase classname="regreesion.Regreesion" name="AR_116" time="0.0">
    <ignored/>
  </testcase> <!-- AR_116 -->
  <testcase classname="regreesion.Regreesion" name="NR_573" time="0.0">
    <ignored/>
  </testcase> <!-- NR_573 -->
  <testcase classname="regreesion.Regreesion" name="AR_119" time="0.0">
    <ignored/>
  </testcase> <!-- AR_119 -->
  <testcase classname="regreesion.Regreesion" name="NR_337" time="0.0">
    <ignored/>
  </testcase> <!-- NR_337 -->
  <testcase classname="regreesion.Regreesion" name="NR_338" time="0.0">
    <ignored/>
  </testcase> <!-- NR_338 -->
  <testcase classname="regreesion.Regreesion" name="PM_43" time="0.0">
    <ignored/>
  </testcase> <!-- PM_43 -->
  <testcase classname="regreesion.Regreesion" name="PM_42" time="0.0">
    <ignored/>
  </testcase> <!-- PM_42 -->
  <testcase classname="regreesion.Regreesion" name="NR_339" time="0.0">
    <ignored/>
  </testcase> <!-- NR_339 -->
  <testcase classname="regreesion.Regreesion" name="PM_47" time="0.0">
    <ignored/>
  </testcase> <!-- PM_47 -->
  <testcase classname="regreesion.Regreesion" name="PM_44" time="0.0">
    <ignored/>
  </testcase> <!-- PM_44 -->
  <testcase classname="regreesion.Regreesion" name="PM_46" time="0.0">
    <ignored/>
  </testcase> <!-- PM_46 -->
  <testcase classname="regreesion.Regreesion" name="CM_2" time="0.0">
    <ignored/>
  </testcase> <!-- CM_2 -->
  <testcase classname="regreesion.Regreesion" name="CM_4" time="0.0">
    <ignored/>
  </testcase> <!-- CM_4 -->
  <testcase classname="regreesion.Regreesion" name="CM_1" time="0.0">
    <ignored/>
  </testcase> <!-- CM_1 -->
  <testcase classname="regreesion.Regreesion" name="NR_321" time="0.0">
    <ignored/>
  </testcase> <!-- NR_321 -->
  <testcase classname="regreesion.Regreesion" name="NR_325" time="0.0">
    <ignored/>
  </testcase> <!-- NR_325 -->
  <testcase classname="regreesion.Regreesion" name="NR_323" time="0.0">
    <ignored/>
  </testcase> <!-- NR_323 -->
  <testcase classname="regreesion.Regreesion" name="NR_320" time="0.0">
    <ignored/>
  </testcase> <!-- NR_320 -->
  <testcase classname="regreesion.Regreesion" name="NR_326" time="0.0">
    <ignored/>
  </testcase> <!-- NR_326 -->
  <testcase classname="regreesion.Regreesion" name="AR_21" time="0.0">
    <ignored/>
  </testcase> <!-- AR_21 -->
  <testcase classname="regreesion.Regreesion" name="NR_327" time="0.0">
    <ignored/>
  </testcase> <!-- NR_327 -->
  <testcase classname="regreesion.Regreesion" name="NR_569" time="0.0">
    <ignored/>
  </testcase> <!-- NR_569 -->
  <testcase classname="regreesion.Regreesion" name="AR_20" time="0.0">
    <ignored/>
  </testcase> <!-- AR_20 -->
  <testcase classname="regreesion.Regreesion" name="NR_324" time="0.0">
    <ignored/>
  </testcase> <!-- NR_324 -->
  <testcase classname="regreesion.Regreesion" name="AR_23" time="0.0">
    <ignored/>
  </testcase> <!-- AR_23 -->
  <testcase classname="regreesion.Regreesion" name="NR_319" time="0.0">
    <ignored/>
  </testcase> <!-- NR_319 -->
  <testcase classname="regreesion.Regreesion" name="AR_25" time="0.0">
    <ignored/>
  </testcase> <!-- AR_25 -->
  <testcase classname="regreesion.Regreesion" name="AR_24" time="0.0">
    <ignored/>
  </testcase> <!-- AR_24 -->
  <testcase classname="regreesion.Regreesion" name="NR_328" time="0.0">
    <ignored/>
  </testcase> <!-- NR_328 -->
  <testcase classname="regreesion.Regreesion" name="NR_340" time="0.0">
    <ignored/>
  </testcase> <!-- NR_340 -->
  <testcase classname="regreesion.Regreesion" name="NR_341" time="0.0">
    <ignored/>
  </testcase> <!-- NR_341 -->
  <testcase classname="regreesion.Regreesion" name="NR_226" time="0.0">
    <ignored/>
  </testcase> <!-- NR_226 -->
  <testcase classname="regreesion.Regreesion" name="NR_223" time="0.0">
    <ignored/>
  </testcase> <!-- NR_223 -->
  <testcase classname="regreesion.Regreesion" name="NR_224" time="0.0">
    <ignored/>
  </testcase> <!-- NR_224 -->
  <testcase classname="regreesion.Regreesion" name="NR_227" time="0.0">
    <ignored/>
  </testcase> <!-- NR_227 -->
  <testcase classname="regreesion.Regreesion" name="NR_228" time="0.0">
    <ignored/>
  </testcase> <!-- NR_228 -->
  <testcase classname="regreesion.Regreesion" name="NR_588" time="0.0">
    <ignored/>
  </testcase> <!-- NR_588 -->
  <testcase classname="regreesion.Regreesion" name="NR_225" time="0.0">
    <ignored/>
  </testcase> <!-- NR_225 -->
  <testcase classname="regreesion.Regreesion" name="NR_229" time="0.0">
    <ignored/>
  </testcase> <!-- NR_229 -->
  <testcase classname="regreesion.Regreesion" name="NR_530" time="0.0">
    <ignored/>
  </testcase> <!-- NR_530 -->
  <testcase classname="regreesion.Regreesion" name="NR_413" time="0.0">
    <ignored/>
  </testcase> <!-- NR_413 -->
  <testcase classname="regreesion.Regreesion" name="NR_410" time="0.0">
    <ignored/>
  </testcase> <!-- NR_410 -->
  <testcase classname="regreesion.Regreesion" name="NR_411" time="0.0">
    <ignored/>
  </testcase> <!-- NR_411 -->
  <testcase classname="regreesion.Regreesion" name="NR_532" time="0.0">
    <ignored/>
  </testcase> <!-- NR_532 -->
  <testcase classname="regreesion.Regreesion" name="NR_538" time="0.0">
    <ignored/>
  </testcase> <!-- NR_538 -->
  <testcase classname="regreesion.Regreesion" name="NR_414" time="0.0">
    <ignored/>
  </testcase> <!-- NR_414 -->
  <testcase classname="regreesion.Regreesion" name="NR_535" time="0.0">
    <ignored/>
  </testcase> <!-- NR_535 -->
  <testcase classname="regreesion.Regreesion" name="NR_415" time="0.0">
    <ignored/>
  </testcase> <!-- NR_415 -->
  <testcase classname="regreesion.Regreesion" name="NR_412" time="0.0">
    <ignored/>
  </testcase> <!-- NR_412 -->
  <testcase classname="regreesion.Regreesion" name="NR_533" time="0.0">
    <ignored/>
  </testcase> <!-- NR_533 -->
  <testcase classname="regreesion.Regreesion" name="NR_528" time="0.0">
    <ignored/>
  </testcase> <!-- NR_528 -->
  <testcase classname="regreesion.Regreesion" name="NR_408" time="0.0">
    <ignored/>
  </testcase> <!-- NR_408 -->
  <testcase classname="regreesion.Regreesion" name="NR_529" time="0.0">
    <ignored/>
  </testcase> <!-- NR_529 -->
  <testcase classname="regreesion.Regreesion" name="CM_38" time="0.0">
    <ignored/>
  </testcase> <!-- CM_38 -->
  <testcase classname="regreesion.Regreesion" name="NR_537" time="0.0">
    <ignored/>
  </testcase> <!-- NR_537 -->
  <testcase classname="regreesion.Regreesion" name="CM_36" time="0.0">
    <ignored/>
  </testcase> <!-- CM_36 -->
  <testcase classname="regreesion.Regreesion" name="CM_39" time="0.0">
    <ignored/>
  </testcase> <!-- CM_39 -->
  <testcase classname="regreesion.Regreesion" name="CM_34" time="0.0">
    <ignored/>
  </testcase> <!-- CM_34 -->
  <testcase classname="regreesion.Regreesion" name="NR_409" time="0.0">
    <ignored/>
  </testcase> <!-- NR_409 -->
  <testcase classname="regreesion.Regreesion" name="CM_37" time="0.0">
    <ignored/>
  </testcase> <!-- CM_37 -->
  <testcase classname="regreesion.Regreesion" name="CM_32" time="0.0">
    <ignored/>
  </testcase> <!-- CM_32 -->
  <testcase classname="regreesion.Regreesion" name="CM_35" time="0.0">
    <ignored/>
  </testcase> <!-- CM_35 -->
  <testcase classname="regreesion.Regreesion" name="CM_30" time="0.0">
    <ignored/>
  </testcase> <!-- CM_30 -->
  <testcase classname="regreesion.Regreesion" name="CM_33" time="0.0">
    <ignored/>
  </testcase> <!-- CM_33 -->
  <testcase classname="regreesion.Regreesion" name="CM_31" time="0.0">
    <ignored/>
  </testcase> <!-- CM_31 -->
  <testcase classname="regreesion.Regreesion" name="API" time="0.0">
    <ignored/>
  </testcase> <!-- API -->
  <testcase classname="regreesion.Regreesion" name="NR_402" time="0.0">
    <ignored/>
  </testcase> <!-- NR_402 -->
  <testcase classname="regreesion.Regreesion" name="NR_406" time="0.0">
    <ignored/>
  </testcase> <!-- NR_406 -->
  <testcase classname="regreesion.Regreesion" name="NR_527" time="0.0">
    <ignored/>
  </testcase> <!-- NR_527 -->
  <testcase classname="regreesion.Regreesion" name="NR_403" time="0.0">
    <ignored/>
  </testcase> <!-- NR_403 -->
  <testcase classname="regreesion.Regreesion" name="NR_404" time="0.0">
    <ignored/>
  </testcase> <!-- NR_404 -->
  <testcase classname="regreesion.Regreesion" name="NR_525" time="0.0">
    <ignored/>
  </testcase> <!-- NR_525 -->
  <testcase classname="regreesion.Regreesion" name="CM_29" time="0.0">
    <ignored/>
  </testcase> <!-- CM_29 -->
  <testcase classname="regreesion.Regreesion" name="CM_27" time="0.0">
    <ignored/>
  </testcase> <!-- CM_27 -->
  <testcase classname="regreesion.Regreesion" name="NR_405" time="0.0">
    <ignored/>
  </testcase> <!-- NR_405 -->
  <testcase classname="regreesion.Regreesion" name="CM_25" time="0.0">
    <ignored/>
  </testcase> <!-- CM_25 -->
  <testcase classname="regreesion.Regreesion" name="CM_28" time="0.0">
    <ignored/>
  </testcase> <!-- CM_28 -->
  <testcase classname="regreesion.Regreesion" name="CM_23" time="0.0">
    <ignored/>
  </testcase> <!-- CM_23 -->
  <testcase classname="regreesion.Regreesion" name="CM_26" time="0.0">
    <ignored/>
  </testcase> <!-- CM_26 -->
  <testcase classname="regreesion.Regreesion" name="CM_21" time="0.0">
    <ignored/>
  </testcase> <!-- CM_21 -->
  <testcase classname="regreesion.Regreesion" name="CM_24" time="0.0">
    <ignored/>
  </testcase> <!-- CM_24 -->
  <testcase classname="regreesion.Regreesion" name="CM_22" time="0.0">
    <ignored/>
  </testcase> <!-- CM_22 -->
  <testcase classname="regreesion.Regreesion" name="CM_20" time="0.0">
    <ignored/>
  </testcase> <!-- CM_20 -->
  <testcase classname="regreesion.Regreesion" name="NR_550" time="0.0">
    <ignored/>
  </testcase> <!-- NR_550 -->
  <testcase classname="regreesion.Regreesion" name="NR_435" time="0.0">
    <ignored/>
  </testcase> <!-- NR_435 -->
  <testcase classname="regreesion.Regreesion" name="NR_314" time="0.0">
    <ignored/>
  </testcase> <!-- NR_314 -->
  <testcase classname="regreesion.Regreesion" name="NR_556" time="0.0">
    <ignored/>
  </testcase> <!-- NR_556 -->
  <testcase classname="regreesion.Regreesion" name="NR_311" time="0.0">
    <ignored/>
  </testcase> <!-- NR_311 -->
  <testcase classname="regreesion.Regreesion" name="NR_551" time="0.0">
    <ignored/>
  </testcase> <!-- NR_551 -->
  <testcase classname="regreesion.Regreesion" name="PP_1" time="0.0">
    <ignored/>
  </testcase> <!-- PP_1 -->
  <testcase classname="regreesion.Regreesion" name="NR_318" time="0.0">
    <ignored/>
  </testcase> <!-- NR_318 -->
  <testcase classname="regreesion.Regreesion" name="NR_315" time="0.0">
    <ignored/>
  </testcase> <!-- NR_315 -->
  <testcase classname="regreesion.Regreesion" name="NR_316" time="0.0">
    <ignored/>
  </testcase> <!-- NR_316 -->
  <testcase classname="regreesion.Regreesion" name="NR_434" time="0.0">
    <ignored/>
  </testcase> <!-- NR_434 -->
  <testcase classname="regreesion.Regreesion" name="NR_555" time="0.0">
    <ignored/>
  </testcase> <!-- NR_555 -->
  <testcase classname="regreesion.Regreesion" name="NR_308" time="0.0">
    <ignored/>
  </testcase> <!-- NR_308 -->
  <testcase classname="regreesion.Regreesion" name="NR_317" time="0.0">
    <ignored/>
  </testcase> <!-- NR_317 -->
  <testcase classname="regreesion.Regreesion" name="Nv_538" time="0.0">
    <ignored/>
  </testcase> <!-- Nv_538 -->
  <testcase classname="regreesion.Regreesion" name="CM_7" time="0.0">
    <ignored/>
  </testcase> <!-- CM_7 -->
  <testcase classname="regreesion.Regreesion" name="CM_9" time="0.0">
    <ignored/>
  </testcase> <!-- CM_9 -->
  <testcase classname="regreesion.Regreesion" name="NR_420" time="0.0">
    <ignored/>
  </testcase> <!-- NR_420 -->
  <testcase classname="regreesion.Regreesion" name="NR_541" time="0.0">
    <ignored/>
  </testcase> <!-- NR_541 -->
  <testcase classname="regreesion.Regreesion" name="CM_6" time="0.0">
    <ignored/>
  </testcase> <!-- CM_6 -->
  <testcase classname="regreesion.Regreesion" name="CM_8" time="0.0">
    <ignored/>
  </testcase> <!-- CM_8 -->
  <testcase classname="regreesion.Regreesion" name="CM_5" time="0.0">
    <ignored/>
  </testcase> <!-- CM_5 -->
  <testcase classname="regreesion.Regreesion" name="NR_424" time="0.0">
    <ignored/>
  </testcase> <!-- NR_424 -->
  <testcase classname="regreesion.Regreesion" name="NR_303" time="0.0">
    <ignored/>
  </testcase> <!-- NR_303 -->
  <testcase classname="regreesion.Regreesion" name="NR_421" time="0.0">
    <ignored/>
  </testcase> <!-- NR_421 -->
  <testcase classname="regreesion.Regreesion" name="NR_542" time="0.0">
    <ignored/>
  </testcase> <!-- NR_542 -->
  <testcase classname="regreesion.Regreesion" name="NR_543" time="0.0">
    <ignored/>
  </testcase> <!-- NR_543 -->
  <testcase classname="regreesion.Regreesion" name="NR_428" time="0.0">
    <ignored/>
  </testcase> <!-- NR_428 -->
  <testcase classname="regreesion.Regreesion" name="NR_307" time="0.0">
    <ignored/>
  </testcase> <!-- NR_307 -->
  <testcase classname="regreesion.Regreesion" name="NR_549" time="0.0">
    <ignored/>
  </testcase> <!-- NR_549 -->
  <testcase classname="regreesion.Regreesion" name="NR_425" time="0.0">
    <ignored/>
  </testcase> <!-- NR_425 -->
  <testcase classname="regreesion.Regreesion" name="NR_304" time="0.0">
    <ignored/>
  </testcase> <!-- NR_304 -->
  <testcase classname="regreesion.Regreesion" name="NR_546" time="0.0">
    <ignored/>
  </testcase> <!-- NR_546 -->
  <testcase classname="regreesion.Regreesion" name="NR_426" time="0.0">
    <ignored/>
  </testcase> <!-- NR_426 -->
  <testcase classname="regreesion.Regreesion" name="NR_423" time="0.0">
    <ignored/>
  </testcase> <!-- NR_423 -->
  <testcase classname="regreesion.Regreesion" name="NR_539" time="0.0">
    <ignored/>
  </testcase> <!-- NR_539 -->
  <testcase classname="regreesion.Regreesion" name="NR_419" time="0.0">
    <ignored/>
  </testcase> <!-- NR_419 -->
  <testcase classname="regreesion.Regreesion" name="NR_427" time="0.0">
    <ignored/>
  </testcase> <!-- NR_427 -->
  <testcase classname="regreesion.Regreesion" name="NR_548" time="0.0">
    <ignored/>
  </testcase> <!-- NR_548 -->
  <testcase classname="regreesion.Regreesion" name="NR_295" time="0.0">
    <ignored/>
  </testcase> <!-- NR_295 -->
  <testcase classname="regreesion.Regreesion" name="NR_174" time="0.0">
    <ignored/>
  </testcase> <!-- NR_174 -->
  <testcase classname="regreesion.Regreesion" name="NR_292" time="0.0">
    <ignored/>
  </testcase> <!-- NR_292 -->
  <testcase classname="regreesion.Regreesion" name="NR_293" time="0.0">
    <ignored/>
  </testcase> <!-- NR_293 -->
  <testcase classname="regreesion.Regreesion" name="NR_299" time="0.0">
    <ignored/>
  </testcase> <!-- NR_299 -->
  <testcase classname="regreesion.Regreesion" name="NR_178" time="0.0">
    <ignored/>
  </testcase> <!-- NR_178 -->
  <testcase classname="regreesion.Regreesion" name="NR_296" time="0.0">
    <ignored/>
  </testcase> <!-- NR_296 -->
  <testcase classname="regreesion.Regreesion" name="NR_176" time="0.0">
    <ignored/>
  </testcase> <!-- NR_176 -->
  <testcase classname="regreesion.Regreesion" name="NR_179" time="0.0">
    <ignored/>
  </testcase> <!-- NR_179 -->
  <testcase classname="regreesion.Regreesion" name="NR_2" time="0.0">
    <ignored/>
  </testcase> <!-- NR_2 -->
  <testcase classname="regreesion.Regreesion" name="NR_177" time="0.0">
    <ignored/>
  </testcase> <!-- NR_177 -->
  <testcase classname="regreesion.Regreesion" name="NR_291" time="0.0">
    <ignored/>
  </testcase> <!-- NR_291 -->
  <testcase classname="regreesion.Regreesion" name="NR_281" time="0.0">
    <ignored/>
  </testcase> <!-- NR_281 -->
  <testcase classname="regreesion.Regreesion" name="NR_285" time="0.0">
    <ignored/>
  </testcase> <!-- NR_285 -->
  <testcase classname="regreesion.Regreesion" name="NR_283" time="0.0">
    <ignored/>
  </testcase> <!-- NR_283 -->
  <testcase classname="regreesion.Regreesion" name="NR_289" time="0.0">
    <ignored/>
  </testcase> <!-- NR_289 -->
  <testcase classname="regreesion.Regreesion" name="NR_287" time="0.0">
    <ignored/>
  </testcase> <!-- NR_287 -->
  <testcase classname="regreesion.Regreesion" name="NR_subs" time="0.0">
    <ignored/>
  </testcase> <!-- NR_subs -->
  <testcase classname="regreesion.Regreesion" name="Driveingsubscribed" time="0.0">
    <ignored/>
  </testcase> <!-- Driveingsubscribed -->
  <testcase classname="regreesion.Regreesion" name="NR_280" time="0.0">
    <ignored/>
  </testcase> <!-- NR_280 -->
  <testcase classname="regreesion.Regreesion" name="ARv_126" time="0.0">
    <ignored/>
  </testcase> <!-- ARv_126 -->
  <testcase classname="regreesion.Regreesion" name="CM_18" time="0.0">
    <ignored/>
  </testcase> <!-- CM_18 -->
  <testcase classname="regreesion.Regreesion" name="CM_16" time="0.0">
    <ignored/>
  </testcase> <!-- CM_16 -->
  <testcase classname="regreesion.Regreesion" name="CM_19" time="0.0">
    <ignored/>
  </testcase> <!-- CM_19 -->
  <testcase classname="regreesion.Regreesion" name="CM_14" time="0.0">
    <ignored/>
  </testcase> <!-- CM_14 -->
  <testcase classname="regreesion.Regreesion" name="CM_17" time="0.0">
    <ignored/>
  </testcase> <!-- CM_17 -->
  <testcase classname="regreesion.Regreesion" name="CM_12" time="0.0">
    <ignored/>
  </testcase> <!-- CM_12 -->
  <testcase classname="regreesion.Regreesion" name="CM_15" time="0.0">
    <ignored/>
  </testcase> <!-- CM_15 -->
  <testcase classname="regreesion.Regreesion" name="CM_10" time="0.0">
    <ignored/>
  </testcase> <!-- CM_10 -->
  <testcase classname="regreesion.Regreesion" name="CM_13" time="0.0">
    <ignored/>
  </testcase> <!-- CM_13 -->
  <testcase classname="regreesion.Regreesion" name="CM_11" time="0.0">
    <ignored/>
  </testcase> <!-- CM_11 -->
  <testcase classname="regreesion.Regreesion" name="NR_182" time="0.0">
    <ignored/>
  </testcase> <!-- NR_182 -->
  <testcase classname="regreesion.Regreesion" name="NR_183" time="0.0">
    <ignored/>
  </testcase> <!-- NR_183 -->
  <testcase classname="regreesion.Regreesion" name="NR_290" time="0.0">
    <ignored/>
  </testcase> <!-- NR_290 -->
  <testcase classname="regreesion.Regreesion" name="NR_189" time="0.0">
    <ignored/>
  </testcase> <!-- NR_189 -->
  <testcase classname="regreesion.Regreesion" name="NR_187" time="0.0">
    <ignored/>
  </testcase> <!-- NR_187 -->
  <testcase classname="regreesion.Regreesion" name="Nv_174" time="0.0">
    <ignored/>
  </testcase> <!-- Nv_174 -->
  <testcase classname="regreesion.Regreesion" name="NR_188" time="0.0">
    <ignored/>
  </testcase> <!-- NR_188 -->
  <testcase classname="regreesion.Regreesion" name="NR_181" time="0.0">
    <ignored/>
  </testcase> <!-- NR_181 -->
  <testcase classname="regreesion.Regreesion" name="Nv_245" time="0.0">
    <ignored/>
  </testcase> <!-- Nv_245 -->
  <testcase classname="regreesion.Regreesion" name="NR_372" time="0.0">
    <ignored/>
  </testcase> <!-- NR_372 -->
  <testcase classname="regreesion.Regreesion" name="NR_370" time="0.0">
    <ignored/>
  </testcase> <!-- NR_370 -->
  <testcase classname="regreesion.Regreesion" name="Nv_241" time="0.0">
    <ignored/>
  </testcase> <!-- Nv_241 -->
  <testcase classname="regreesion.Regreesion" name="NR_376" time="0.0">
    <ignored/>
  </testcase> <!-- NR_376 -->
  <testcase classname="regreesion.Regreesion" name="NR_373" time="0.0">
    <ignored/>
  </testcase> <!-- NR_373 -->
  <testcase classname="regreesion.Regreesion" name="Nv_244" time="0.0">
    <ignored/>
  </testcase> <!-- Nv_244 -->
  <testcase classname="regreesion.Regreesion" name="NR_371" time="0.0">
    <ignored/>
  </testcase> <!-- NR_371 -->
  <testcase classname="regreesion.Regreesion" name="Nv_240" time="0.0">
    <ignored/>
  </testcase> <!-- Nv_240 -->
  <testcase classname="regreesion.Regreesion" name="NR_378" time="0.0">
    <ignored/>
  </testcase> <!-- NR_378 -->
  <testcase classname="regreesion.Regreesion" name="NR_379" time="0.0">
    <ignored/>
  </testcase> <!-- NR_379 -->
  <testcase classname="regreesion.Regreesion" name="Nv_247" time="0.0">
    <ignored/>
  </testcase> <!-- Nv_247 -->
  <testcase classname="regreesion.Regreesion" name="NR_240" time="0.0">
    <ignored/>
  </testcase> <!-- NR_240 -->
  <testcase classname="regreesion.Regreesion" name="NR_361" time="0.0">
    <ignored/>
  </testcase> <!-- NR_361 -->
  <testcase classname="regreesion.Regreesion" name="Nv_232" time="0.0">
    <ignored/>
  </testcase> <!-- Nv_232 -->
  <testcase classname="regreesion.Regreesion" name="NR_244" time="0.0">
    <ignored/>
  </testcase> <!-- NR_244 -->
  <testcase classname="regreesion.Regreesion" name="NR_365" time="0.0">
    <ignored/>
  </testcase> <!-- NR_365 -->
  <testcase classname="regreesion.Regreesion" name="NR_241" time="0.0">
    <ignored/>
  </testcase> <!-- NR_241 -->
  <testcase classname="regreesion.Regreesion" name="NR_362" time="0.0">
    <ignored/>
  </testcase> <!-- NR_362 -->
  <testcase classname="regreesion.Regreesion" name="Nv_354" time="0.0">
    <ignored/>
  </testcase> <!-- Nv_354 -->
  <testcase classname="regreesion.Regreesion" name="NR_242" time="0.0">
    <ignored/>
  </testcase> <!-- NR_242 -->
  <testcase classname="regreesion.Regreesion" name="NR_363" time="0.0">
    <ignored/>
  </testcase> <!-- NR_363 -->
  <testcase classname="regreesion.Regreesion" name="NR_369" time="0.0">
    <ignored/>
  </testcase> <!-- NR_369 -->
  <testcase classname="regreesion.Regreesion" name="NR_245" time="0.0">
    <ignored/>
  </testcase> <!-- NR_245 -->
  <testcase classname="regreesion.Regreesion" name="AR_700" time="0.0">
    <ignored/>
  </testcase> <!-- AR_700 -->
  <testcase classname="regreesion.Regreesion" name="AR_701" time="0.0">
    <ignored/>
  </testcase> <!-- AR_701 -->
  <testcase classname="regreesion.Regreesion" name="NR_249" time="0.0">
    <ignored/>
  </testcase> <!-- NR_249 -->
  <testcase classname="regreesion.Regreesion" name="NR_247" time="0.0">
    <ignored/>
  </testcase> <!-- NR_247 -->
  <testcase classname="regreesion.Regreesion" name="NR_368" time="0.0">
    <ignored/>
  </testcase> <!-- NR_368 -->
  <testcase classname="regreesion.Regreesion" name="NR_391" time="0.0">
    <ignored/>
  </testcase> <!-- NR_391 -->
  <testcase classname="regreesion.Regreesion" name="NR_392" time="0.0">
    <ignored/>
  </testcase> <!-- NR_392 -->
  <testcase classname="regreesion.Regreesion" name="NR_271" time="0.0">
    <ignored/>
  </testcase> <!-- NR_271 -->
  <testcase classname="regreesion.Regreesion" name="NR_277" time="0.0">
    <ignored/>
  </testcase> <!-- NR_277 -->
  <testcase classname="regreesion.Regreesion" name="NR_395" time="0.0">
    <ignored/>
  </testcase> <!-- NR_395 -->
  <testcase classname="regreesion.Regreesion" name="NR_396" time="0.0">
    <ignored/>
  </testcase> <!-- NR_396 -->
  <testcase classname="regreesion.Regreesion" name="NR_275" time="0.0">
    <ignored/>
  </testcase> <!-- NR_275 -->
  <testcase classname="regreesion.Regreesion" name="NR_272" time="0.0">
    <ignored/>
  </testcase> <!-- NR_272 -->
  <testcase classname="regreesion.Regreesion" name="NR_399" time="0.0">
    <ignored/>
  </testcase> <!-- NR_399 -->
  <testcase classname="regreesion.Regreesion" name="NR_278" time="0.0">
    <ignored/>
  </testcase> <!-- NR_278 -->
  <testcase classname="regreesion.Regreesion" name="NR_279" time="0.0">
    <ignored/>
  </testcase> <!-- NR_279 -->
  <testcase classname="regreesion.Regreesion" name="NR_383" time="0.0">
    <ignored/>
  </testcase> <!-- NR_383 -->
  <testcase classname="regreesion.Regreesion" name="NR_380" time="0.0">
    <ignored/>
  </testcase> <!-- NR_380 -->
  <testcase classname="regreesion.Regreesion" name="NR_381" time="0.0">
    <ignored/>
  </testcase> <!-- NR_381 -->
  <testcase classname="regreesion.Regreesion" name="NR_387" time="0.0">
    <ignored/>
  </testcase> <!-- NR_387 -->
  <testcase classname="regreesion.Regreesion" name="NR_266" time="0.0">
    <ignored/>
  </testcase> <!-- NR_266 -->
  <testcase classname="regreesion.Regreesion" name="NR_263" time="0.0">
    <ignored/>
  </testcase> <!-- NR_263 -->
  <testcase classname="regreesion.Regreesion" name="NR_385" time="0.0">
    <ignored/>
  </testcase> <!-- NR_385 -->
  <testcase classname="regreesion.Regreesion" name="NR_382" time="0.0">
    <ignored/>
  </testcase> <!-- NR_382 -->
  <testcase classname="regreesion.Regreesion" name="NR_267" time="0.0">
    <ignored/>
  </testcase> <!-- NR_267 -->
  <testcase classname="regreesion.Regreesion" name="NR_268" time="0.0">
    <ignored/>
  </testcase> <!-- NR_268 -->
  <testcase classname="regreesion.Regreesion" name="NR_386" time="0.0">
    <ignored/>
  </testcase> <!-- NR_386 -->
  <testcase classname="regreesion.Regreesion" name="NR_265" time="0.0">
    <ignored/>
  </testcase> <!-- NR_265 -->
</testsuite> <!-- Test -->
