<?xml version="1.0" encoding="UTF-8"?>
<testng-results ignored="0" total="3" passed="3" failed="0" skipped="0">
  <reporter-output>
  </reporter-output>
  <suite started-at="2022-12-10T14:13:23 IST" name="Default suite" finished-at="2022-12-10T14:13:45 IST" duration-ms="22460">
    <groups>
    </groups>
    <test started-at="2022-12-10T14:13:23 IST" name="Default test" finished-at="2022-12-10T14:13:45 IST" duration-ms="22460">
      <class name="Assessment.AllScenario">
        <test-method is-config="true" signature="initializeDriver()[pri:0, instance:Assessment.AllScenario@4d098f9b]" started-at="2022-12-10T14:13:23 IST" name="initializeDriver" finished-at="2022-12-10T14:13:26 IST" duration-ms="3340" status="PASS">
          <reporter-output>
          </reporter-output>
        </test-method> <!-- initializeDriver -->
        <test-method signature="Test_1()[pri:0, instance:Assessment.AllScenario@4d098f9b]" started-at="2022-12-10T14:13:26 IST" name="Test_1" description=" Users are able to filter for an item by brand under the Computing &gt; Laptop section" finished-at="2022-12-10T14:13:33 IST" duration-ms="6904" status="PASS">
          <reporter-output>
          </reporter-output>
        </test-method> <!-- Test_1 -->
        <test-method signature="Test_2()[pri:0, instance:Assessment.AllScenario@4d098f9b]" started-at="2022-12-10T14:13:33 IST" name="Test_2" description="Users are able to sort results under dresses by price in descending order" finished-at="2022-12-10T14:13:41 IST" duration-ms="8092" status="PASS">
          <reporter-output>
          </reporter-output>
        </test-method> <!-- Test_2 -->
        <test-method signature="Test_3()[pri:0, instance:Assessment.AllScenario@4d098f9b]" started-at="2022-12-10T14:13:41 IST" name="Test_3" description="Users are able to search for an item" finished-at="2022-12-10T14:13:45 IST" duration-ms="3519" status="PASS">
          <reporter-output>
          </reporter-output>
        </test-method> <!-- Test_3 -->
        <test-method is-config="true" signature="closeApplication()[pri:0, instance:Assessment.AllScenario@4d098f9b]" started-at="2022-12-10T14:13:45 IST" name="closeApplication" finished-at="2022-12-10T14:13:45 IST" duration-ms="552" status="PASS">
          <reporter-output>
          </reporter-output>
        </test-method> <!-- closeApplication -->
      </class> <!-- Assessment.AllScenario -->
    </test> <!-- Default test -->
  </suite> <!-- Default suite -->
</testng-results>
